::1 - - [20/Jul/2020:06:53:37 +0000] "GET /users/profile/5f153d186f5f72c7fc4f9a4f HTTP/1.1" 304 - "http://localhost:8000/home" "Mozilla/5.0 (Windows NT 10.0; Win64; x64) AppleWebKit/537.36 (KHTML, like Gecko) Chrome/83.0.4103.116 Safari/537.36"
::1 - - [20/Jul/2020:06:53:51 +0000] "GET /home HTTP/1.1" 200 4036 "http://localhost:8000/users/profile/5f153d186f5f72c7fc4f9a4f" "Mozilla/5.0 (Windows NT 10.0; Win64; x64) AppleWebKit/537.36 (KHTML, like Gecko) Chrome/83.0.4103.116 Safari/537.36"
::1 - - [20/Jul/2020:06:53:55 +0000] "GET /users/profile/5f153d186f5f72c7fc4f9a4f HTTP/1.1" 304 - "http://localhost:8000/home" "Mozilla/5.0 (Windows NT 10.0; Win64; x64) AppleWebKit/537.36 (KHTML, like Gecko) Chrome/83.0.4103.116 Safari/537.36"
::1 - - [20/Jul/2020:06:53:55 +0000] "GET /users/profile/5f153d186f5f72c7fc4f9a4f HTTP/1.1" 304 - "http://localhost:8000/users/profile/5f153d186f5f72c7fc4f9a4f" "Mozilla/5.0 (Windows NT 10.0; Win64; x64) AppleWebKit/537.36 (KHTML, like Gecko) Chrome/83.0.4103.116 Safari/537.36"
::1 - - [20/Jul/2020:07:28:22 +0000] "GET /users/profile/5f153d186f5f72c7fc4f9a4f HTTP/1.1" 304 - "http://localhost:8000/users/profile/5f153d186f5f72c7fc4f9a4f" "Mozilla/5.0 (Windows NT 10.0; Win64; x64) AppleWebKit/537.36 (KHTML, like Gecko) Chrome/83.0.4103.116 Safari/537.36"
::1 - - [20/Jul/2020:07:28:23 +0000] "GET /css/profile.css HTTP/1.1" 404 154 "http://localhost:8000/users/profile/5f153d186f5f72c7fc4f9a4f" "Mozilla/5.0 (Windows NT 10.0; Win64; x64) AppleWebKit/537.36 (KHTML, like Gecko) Chrome/83.0.4103.116 Safari/537.36"
::1 - - [20/Jul/2020:07:28:23 +0000] "GET /css/header.css HTTP/1.1" 404 153 "http://localhost:8000/users/profile/5f153d186f5f72c7fc4f9a4f" "Mozilla/5.0 (Windows NT 10.0; Win64; x64) AppleWebKit/537.36 (KHTML, like Gecko) Chrome/83.0.4103.116 Safari/537.36"
::1 - - [20/Jul/2020:07:28:23 +0000] "GET /js/friendship.js HTTP/1.1" 404 155 "http://localhost:8000/users/profile/5f153d186f5f72c7fc4f9a4f" "Mozilla/5.0 (Windows NT 10.0; Win64; x64) AppleWebKit/537.36 (KHTML, like Gecko) Chrome/83.0.4103.116 Safari/537.36"
::1 - - [20/Jul/2020:07:28:23 +0000] "GET /css/footer.css HTTP/1.1" 404 153 "http://localhost:8000/users/profile/5f153d186f5f72c7fc4f9a4f" "Mozilla/5.0 (Windows NT 10.0; Win64; x64) AppleWebKit/537.36 (KHTML, like Gecko) Chrome/83.0.4103.116 Safari/537.36"
::1 - - [20/Jul/2020:07:28:23 +0000] "GET /css/profile.css HTTP/1.1" 404 154 "http://localhost:8000/users/profile/5f153d186f5f72c7fc4f9a4f" "Mozilla/5.0 (Windows NT 10.0; Win64; x64) AppleWebKit/537.36 (KHTML, like Gecko) Chrome/83.0.4103.116 Safari/537.36"
::1 - - [20/Jul/2020:07:28:23 +0000] "GET /css/header.css HTTP/1.1" 404 153 "http://localhost:8000/users/profile/5f153d186f5f72c7fc4f9a4f" "Mozilla/5.0 (Windows NT 10.0; Win64; x64) AppleWebKit/537.36 (KHTML, like Gecko) Chrome/83.0.4103.116 Safari/537.36"
::1 - - [20/Jul/2020:07:28:23 +0000] "GET /css/footer.css HTTP/1.1" 404 153 "http://localhost:8000/users/profile/5f153d186f5f72c7fc4f9a4f" "Mozilla/5.0 (Windows NT 10.0; Win64; x64) AppleWebKit/537.36 (KHTML, like Gecko) Chrome/83.0.4103.116 Safari/537.36"
::1 - - [20/Jul/2020:07:28:24 +0000] "GET /js/friendship.js HTTP/1.1" 404 155 "http://localhost:8000/users/profile/5f153d186f5f72c7fc4f9a4f" "Mozilla/5.0 (Windows NT 10.0; Win64; x64) AppleWebKit/537.36 (KHTML, like Gecko) Chrome/83.0.4103.116 Safari/537.36"
::1 - - [20/Jul/2020:07:28:30 +0000] "GET /home HTTP/1.1" 200 4049 "http://localhost:8000/users/profile/5f153d186f5f72c7fc4f9a4f" "Mozilla/5.0 (Windows NT 10.0; Win64; x64) AppleWebKit/537.36 (KHTML, like Gecko) Chrome/83.0.4103.116 Safari/537.36"
::1 - - [20/Jul/2020:07:28:30 +0000] "GET /css/header.css HTTP/1.1" 404 153 "http://localhost:8000/home" "Mozilla/5.0 (Windows NT 10.0; Win64; x64) AppleWebKit/537.36 (KHTML, like Gecko) Chrome/83.0.4103.116 Safari/537.36"
::1 - - [20/Jul/2020:07:28:30 +0000] "GET /js/friendship.js HTTP/1.1" 404 155 "http://localhost:8000/home" "Mozilla/5.0 (Windows NT 10.0; Win64; x64) AppleWebKit/537.36 (KHTML, like Gecko) Chrome/83.0.4103.116 Safari/537.36"
::1 - - [20/Jul/2020:07:28:30 +0000] "GET /css/footer.css HTTP/1.1" 404 153 "http://localhost:8000/home" "Mozilla/5.0 (Windows NT 10.0; Win64; x64) AppleWebKit/537.36 (KHTML, like Gecko) Chrome/83.0.4103.116 Safari/537.36"
::1 - - [20/Jul/2020:07:28:30 +0000] "GET /js/comment.js HTTP/1.1" 404 152 "http://localhost:8000/home" "Mozilla/5.0 (Windows NT 10.0; Win64; x64) AppleWebKit/537.36 (KHTML, like Gecko) Chrome/83.0.4103.116 Safari/537.36"
::1 - - [20/Jul/2020:07:28:30 +0000] "GET /js/post.js HTTP/1.1" 404 149 "http://localhost:8000/home" "Mozilla/5.0 (Windows NT 10.0; Win64; x64) AppleWebKit/537.36 (KHTML, like Gecko) Chrome/83.0.4103.116 Safari/537.36"
::1 - - [20/Jul/2020:07:28:30 +0000] "GET /js/toggle_like.js HTTP/1.1" 404 156 "http://localhost:8000/home" "Mozilla/5.0 (Windows NT 10.0; Win64; x64) AppleWebKit/537.36 (KHTML, like Gecko) Chrome/83.0.4103.116 Safari/537.36"
::1 - - [20/Jul/2020:07:28:30 +0000] "GET /css/footer.css HTTP/1.1" 404 153 "http://localhost:8000/home" "Mozilla/5.0 (Windows NT 10.0; Win64; x64) AppleWebKit/537.36 (KHTML, like Gecko) Chrome/83.0.4103.116 Safari/537.36"
::1 - - [20/Jul/2020:07:28:30 +0000] "GET /js/comment.js HTTP/1.1" 404 152 "http://localhost:8000/home" "Mozilla/5.0 (Windows NT 10.0; Win64; x64) AppleWebKit/537.36 (KHTML, like Gecko) Chrome/83.0.4103.116 Safari/537.36"
::1 - - [20/Jul/2020:07:28:30 +0000] "GET /js/post.js HTTP/1.1" 404 149 "http://localhost:8000/home" "Mozilla/5.0 (Windows NT 10.0; Win64; x64) AppleWebKit/537.36 (KHTML, like Gecko) Chrome/83.0.4103.116 Safari/537.36"
::1 - - [20/Jul/2020:07:28:30 +0000] "GET /js/toggle_like.js HTTP/1.1" 404 156 "http://localhost:8000/home" "Mozilla/5.0 (Windows NT 10.0; Win64; x64) AppleWebKit/537.36 (KHTML, like Gecko) Chrome/83.0.4103.116 Safari/537.36"
::1 - - [20/Jul/2020:07:28:30 +0000] "GET /js/friendship.js HTTP/1.1" 404 155 "http://localhost:8000/home" "Mozilla/5.0 (Windows NT 10.0; Win64; x64) AppleWebKit/537.36 (KHTML, like Gecko) Chrome/83.0.4103.116 Safari/537.36"
::1 - - [20/Jul/2020:07:33:20 +0000] "GET /home HTTP/1.1" 200 4071 "http://localhost:8000/users/profile/5f153d186f5f72c7fc4f9a4f" "Mozilla/5.0 (Windows NT 10.0; Win64; x64) AppleWebKit/537.36 (KHTML, like Gecko) Chrome/83.0.4103.116 Safari/537.36"
::1 - - [20/Jul/2020:07:33:20 +0000] "GET /js/friendship.js HTTP/1.1" 404 155 "http://localhost:8000/home" "Mozilla/5.0 (Windows NT 10.0; Win64; x64) AppleWebKit/537.36 (KHTML, like Gecko) Chrome/83.0.4103.116 Safari/537.36"
::1 - - [20/Jul/2020:07:33:20 +0000] "GET /js/post.js HTTP/1.1" 404 149 "http://localhost:8000/home" "Mozilla/5.0 (Windows NT 10.0; Win64; x64) AppleWebKit/537.36 (KHTML, like Gecko) Chrome/83.0.4103.116 Safari/537.36"
::1 - - [20/Jul/2020:07:33:20 +0000] "GET /js/toggle_like.js HTTP/1.1" 404 156 "http://localhost:8000/home" "Mozilla/5.0 (Windows NT 10.0; Win64; x64) AppleWebKit/537.36 (KHTML, like Gecko) Chrome/83.0.4103.116 Safari/537.36"
::1 - - [20/Jul/2020:07:33:20 +0000] "GET /js/comment.js HTTP/1.1" 404 152 "http://localhost:8000/home" "Mozilla/5.0 (Windows NT 10.0; Win64; x64) AppleWebKit/537.36 (KHTML, like Gecko) Chrome/83.0.4103.116 Safari/537.36"
::1 - - [20/Jul/2020:07:33:21 +0000] "GET /js/comment.js HTTP/1.1" 404 152 "http://localhost:8000/home" "Mozilla/5.0 (Windows NT 10.0; Win64; x64) AppleWebKit/537.36 (KHTML, like Gecko) Chrome/83.0.4103.116 Safari/537.36"
::1 - - [20/Jul/2020:07:33:21 +0000] "GET /js/post.js HTTP/1.1" 404 149 "http://localhost:8000/home" "Mozilla/5.0 (Windows NT 10.0; Win64; x64) AppleWebKit/537.36 (KHTML, like Gecko) Chrome/83.0.4103.116 Safari/537.36"
::1 - - [20/Jul/2020:07:33:21 +0000] "GET /js/toggle_like.js HTTP/1.1" 404 156 "http://localhost:8000/home" "Mozilla/5.0 (Windows NT 10.0; Win64; x64) AppleWebKit/537.36 (KHTML, like Gecko) Chrome/83.0.4103.116 Safari/537.36"
::1 - - [20/Jul/2020:07:33:21 +0000] "GET /js/friendship.js HTTP/1.1" 404 155 "http://localhost:8000/home" "Mozilla/5.0 (Windows NT 10.0; Win64; x64) AppleWebKit/537.36 (KHTML, like Gecko) Chrome/83.0.4103.116 Safari/537.36"
::1 - - [20/Jul/2020:07:33:25 +0000] "GET /home HTTP/1.1" 304 - "http://localhost:8000/home" "Mozilla/5.0 (Windows NT 10.0; Win64; x64) AppleWebKit/537.36 (KHTML, like Gecko) Chrome/83.0.4103.116 Safari/537.36"
::1 - - [20/Jul/2020:07:33:25 +0000] "GET /js/comment.js HTTP/1.1" 404 152 "http://localhost:8000/home" "Mozilla/5.0 (Windows NT 10.0; Win64; x64) AppleWebKit/537.36 (KHTML, like Gecko) Chrome/83.0.4103.116 Safari/537.36"
::1 - - [20/Jul/2020:07:33:25 +0000] "GET /js/post.js HTTP/1.1" 404 149 "http://localhost:8000/home" "Mozilla/5.0 (Windows NT 10.0; Win64; x64) AppleWebKit/537.36 (KHTML, like Gecko) Chrome/83.0.4103.116 Safari/537.36"
::1 - - [20/Jul/2020:07:33:25 +0000] "GET /js/toggle_like.js HTTP/1.1" 404 156 "http://localhost:8000/home" "Mozilla/5.0 (Windows NT 10.0; Win64; x64) AppleWebKit/537.36 (KHTML, like Gecko) Chrome/83.0.4103.116 Safari/537.36"
::1 - - [20/Jul/2020:07:33:25 +0000] "GET /js/friendship.js HTTP/1.1" 404 155 "http://localhost:8000/home" "Mozilla/5.0 (Windows NT 10.0; Win64; x64) AppleWebKit/537.36 (KHTML, like Gecko) Chrome/83.0.4103.116 Safari/537.36"
::1 - - [20/Jul/2020:07:33:25 +0000] "GET /js/comment.js HTTP/1.1" 404 152 "http://localhost:8000/home" "Mozilla/5.0 (Windows NT 10.0; Win64; x64) AppleWebKit/537.36 (KHTML, like Gecko) Chrome/83.0.4103.116 Safari/537.36"
::1 - - [20/Jul/2020:07:33:25 +0000] "GET /js/post.js HTTP/1.1" 404 149 "http://localhost:8000/home" "Mozilla/5.0 (Windows NT 10.0; Win64; x64) AppleWebKit/537.36 (KHTML, like Gecko) Chrome/83.0.4103.116 Safari/537.36"
::1 - - [20/Jul/2020:07:33:25 +0000] "GET /js/toggle_like.js HTTP/1.1" 404 156 "http://localhost:8000/home" "Mozilla/5.0 (Windows NT 10.0; Win64; x64) AppleWebKit/537.36 (KHTML, like Gecko) Chrome/83.0.4103.116 Safari/537.36"
::1 - - [20/Jul/2020:07:33:25 +0000] "GET /js/friendship.js HTTP/1.1" 404 155 "http://localhost:8000/home" "Mozilla/5.0 (Windows NT 10.0; Win64; x64) AppleWebKit/537.36 (KHTML, like Gecko) Chrome/83.0.4103.116 Safari/537.36"
::1 - - [20/Jul/2020:07:33:27 +0000] "GET /users/profile/5f153d186f5f72c7fc4f9a4f HTTP/1.1" 200 7543 "http://localhost:8000/home" "Mozilla/5.0 (Windows NT 10.0; Win64; x64) AppleWebKit/537.36 (KHTML, like Gecko) Chrome/83.0.4103.116 Safari/537.36"
::1 - - [20/Jul/2020:07:33:27 +0000] "GET /js/friendship.js HTTP/1.1" 404 155 "http://localhost:8000/users/profile/5f153d186f5f72c7fc4f9a4f" "Mozilla/5.0 (Windows NT 10.0; Win64; x64) AppleWebKit/537.36 (KHTML, like Gecko) Chrome/83.0.4103.116 Safari/537.36"
::1 - - [20/Jul/2020:07:33:27 +0000] "GET /js/friendship.js HTTP/1.1" 404 155 "http://localhost:8000/users/profile/5f153d186f5f72c7fc4f9a4f" "Mozilla/5.0 (Windows NT 10.0; Win64; x64) AppleWebKit/537.36 (KHTML, like Gecko) Chrome/83.0.4103.116 Safari/537.36"
::1 - - [20/Jul/2020:07:33:30 +0000] "GET /home HTTP/1.1" 304 - "http://localhost:8000/users/profile/5f153d186f5f72c7fc4f9a4f" "Mozilla/5.0 (Windows NT 10.0; Win64; x64) AppleWebKit/537.36 (KHTML, like Gecko) Chrome/83.0.4103.116 Safari/537.36"
::1 - - [20/Jul/2020:07:33:30 +0000] "GET /js/comment.js HTTP/1.1" 404 152 "http://localhost:8000/home" "Mozilla/5.0 (Windows NT 10.0; Win64; x64) AppleWebKit/537.36 (KHTML, like Gecko) Chrome/83.0.4103.116 Safari/537.36"
::1 - - [20/Jul/2020:07:33:30 +0000] "GET /js/toggle_like.js HTTP/1.1" 404 156 "http://localhost:8000/home" "Mozilla/5.0 (Windows NT 10.0; Win64; x64) AppleWebKit/537.36 (KHTML, like Gecko) Chrome/83.0.4103.116 Safari/537.36"
::1 - - [20/Jul/2020:07:33:30 +0000] "GET /js/post.js HTTP/1.1" 404 149 "http://localhost:8000/home" "Mozilla/5.0 (Windows NT 10.0; Win64; x64) AppleWebKit/537.36 (KHTML, like Gecko) Chrome/83.0.4103.116 Safari/537.36"
::1 - - [20/Jul/2020:07:33:30 +0000] "GET /js/friendship.js HTTP/1.1" 404 155 "http://localhost:8000/home" "Mozilla/5.0 (Windows NT 10.0; Win64; x64) AppleWebKit/537.36 (KHTML, like Gecko) Chrome/83.0.4103.116 Safari/537.36"
::1 - - [20/Jul/2020:07:33:30 +0000] "GET /js/comment.js HTTP/1.1" 404 152 "http://localhost:8000/home" "Mozilla/5.0 (Windows NT 10.0; Win64; x64) AppleWebKit/537.36 (KHTML, like Gecko) Chrome/83.0.4103.116 Safari/537.36"
::1 - - [20/Jul/2020:07:33:30 +0000] "GET /js/post.js HTTP/1.1" 404 149 "http://localhost:8000/home" "Mozilla/5.0 (Windows NT 10.0; Win64; x64) AppleWebKit/537.36 (KHTML, like Gecko) Chrome/83.0.4103.116 Safari/537.36"
::1 - - [20/Jul/2020:07:33:30 +0000] "GET /js/toggle_like.js HTTP/1.1" 404 156 "http://localhost:8000/home" "Mozilla/5.0 (Windows NT 10.0; Win64; x64) AppleWebKit/537.36 (KHTML, like Gecko) Chrome/83.0.4103.116 Safari/537.36"
::1 - - [20/Jul/2020:07:33:30 +0000] "GET /js/friendship.js HTTP/1.1" 404 155 "http://localhost:8000/home" "Mozilla/5.0 (Windows NT 10.0; Win64; x64) AppleWebKit/537.36 (KHTML, like Gecko) Chrome/83.0.4103.116 Safari/537.36"
::1 - - [20/Jul/2020:07:33:31 +0000] "GET /users/profile/5f153d186f5f72c7fc4f9a4f HTTP/1.1" 304 - "http://localhost:8000/home" "Mozilla/5.0 (Windows NT 10.0; Win64; x64) AppleWebKit/537.36 (KHTML, like Gecko) Chrome/83.0.4103.116 Safari/537.36"
::1 - - [20/Jul/2020:07:33:31 +0000] "GET /js/friendship.js HTTP/1.1" 404 155 "http://localhost:8000/users/profile/5f153d186f5f72c7fc4f9a4f" "Mozilla/5.0 (Windows NT 10.0; Win64; x64) AppleWebKit/537.36 (KHTML, like Gecko) Chrome/83.0.4103.116 Safari/537.36"
::1 - - [20/Jul/2020:07:33:31 +0000] "GET /js/friendship.js HTTP/1.1" 404 155 "http://localhost:8000/users/profile/5f153d186f5f72c7fc4f9a4f" "Mozilla/5.0 (Windows NT 10.0; Win64; x64) AppleWebKit/537.36 (KHTML, like Gecko) Chrome/83.0.4103.116 Safari/537.36"
::1 - - [20/Jul/2020:07:33:33 +0000] "GET /sign-out HTTP/1.1" 302 46 "http://localhost:8000/users/profile/5f153d186f5f72c7fc4f9a4f" "Mozilla/5.0 (Windows NT 10.0; Win64; x64) AppleWebKit/537.36 (KHTML, like Gecko) Chrome/83.0.4103.116 Safari/537.36"
::1 - - [20/Jul/2020:07:33:33 +0000] "GET / HTTP/1.1" 200 4503 "http://localhost:8000/users/profile/5f153d186f5f72c7fc4f9a4f" "Mozilla/5.0 (Windows NT 10.0; Win64; x64) AppleWebKit/537.36 (KHTML, like Gecko) Chrome/83.0.4103.116 Safari/537.36"
::1 - - [20/Jul/2020:07:33:33 +0000] "GET /js/friendship.js HTTP/1.1" 404 155 "http://localhost:8000/" "Mozilla/5.0 (Windows NT 10.0; Win64; x64) AppleWebKit/537.36 (KHTML, like Gecko) Chrome/83.0.4103.116 Safari/537.36"
::1 - - [20/Jul/2020:07:33:33 +0000] "GET /images/sign-up-pic.png HTTP/1.1" 404 161 "http://localhost:8000/" "Mozilla/5.0 (Windows NT 10.0; Win64; x64) AppleWebKit/537.36 (KHTML, like Gecko) Chrome/83.0.4103.116 Safari/537.36"
::1 - - [20/Jul/2020:07:33:33 +0000] "GET /js/friendship.js HTTP/1.1" 404 155 "http://localhost:8000/" "Mozilla/5.0 (Windows NT 10.0; Win64; x64) AppleWebKit/537.36 (KHTML, like Gecko) Chrome/83.0.4103.116 Safari/537.36"
::1 - - [20/Jul/2020:07:33:41 +0000] "GET /sign-in HTTP/1.1" 200 3527 "http://localhost:8000/" "Mozilla/5.0 (Windows NT 10.0; Win64; x64) AppleWebKit/537.36 (KHTML, like Gecko) Chrome/83.0.4103.116 Safari/537.36"
::1 - - [20/Jul/2020:07:33:41 +0000] "GET /js/friendship.js HTTP/1.1" 404 155 "http://localhost:8000/sign-in" "Mozilla/5.0 (Windows NT 10.0; Win64; x64) AppleWebKit/537.36 (KHTML, like Gecko) Chrome/83.0.4103.116 Safari/537.36"
::1 - - [20/Jul/2020:07:33:41 +0000] "GET /js/friendship.js HTTP/1.1" 404 155 "http://localhost:8000/sign-in" "Mozilla/5.0 (Windows NT 10.0; Win64; x64) AppleWebKit/537.36 (KHTML, like Gecko) Chrome/83.0.4103.116 Safari/537.36"
::1 - - [20/Jul/2020:07:33:43 +0000] "POST /users/create_session HTTP/1.1" 302 54 "http://localhost:8000/sign-in" "Mozilla/5.0 (Windows NT 10.0; Win64; x64) AppleWebKit/537.36 (KHTML, like Gecko) Chrome/83.0.4103.116 Safari/537.36"
::1 - - [20/Jul/2020:07:33:43 +0000] "GET /home HTTP/1.1" 200 4323 "http://localhost:8000/sign-in" "Mozilla/5.0 (Windows NT 10.0; Win64; x64) AppleWebKit/537.36 (KHTML, like Gecko) Chrome/83.0.4103.116 Safari/537.36"
::1 - - [20/Jul/2020:07:33:43 +0000] "GET /js/post.js HTTP/1.1" 404 149 "http://localhost:8000/home" "Mozilla/5.0 (Windows NT 10.0; Win64; x64) AppleWebKit/537.36 (KHTML, like Gecko) Chrome/83.0.4103.116 Safari/537.36"
::1 - - [20/Jul/2020:07:33:43 +0000] "GET /js/toggle_like.js HTTP/1.1" 404 156 "http://localhost:8000/home" "Mozilla/5.0 (Windows NT 10.0; Win64; x64) AppleWebKit/537.36 (KHTML, like Gecko) Chrome/83.0.4103.116 Safari/537.36"
::1 - - [20/Jul/2020:07:33:43 +0000] "GET /js/friendship.js HTTP/1.1" 404 155 "http://localhost:8000/home" "Mozilla/5.0 (Windows NT 10.0; Win64; x64) AppleWebKit/537.36 (KHTML, like Gecko) Chrome/83.0.4103.116 Safari/537.36"
::1 - - [20/Jul/2020:07:33:43 +0000] "GET /js/comment.js HTTP/1.1" 404 152 "http://localhost:8000/home" "Mozilla/5.0 (Windows NT 10.0; Win64; x64) AppleWebKit/537.36 (KHTML, like Gecko) Chrome/83.0.4103.116 Safari/537.36"
::1 - - [20/Jul/2020:07:33:43 +0000] "GET /js/post.js HTTP/1.1" 404 149 "http://localhost:8000/home" "Mozilla/5.0 (Windows NT 10.0; Win64; x64) AppleWebKit/537.36 (KHTML, like Gecko) Chrome/83.0.4103.116 Safari/537.36"
::1 - - [20/Jul/2020:07:33:43 +0000] "GET /js/toggle_like.js HTTP/1.1" 404 156 "http://localhost:8000/home" "Mozilla/5.0 (Windows NT 10.0; Win64; x64) AppleWebKit/537.36 (KHTML, like Gecko) Chrome/83.0.4103.116 Safari/537.36"
::1 - - [20/Jul/2020:07:33:43 +0000] "GET /js/friendship.js HTTP/1.1" 404 155 "http://localhost:8000/home" "Mozilla/5.0 (Windows NT 10.0; Win64; x64) AppleWebKit/537.36 (KHTML, like Gecko) Chrome/83.0.4103.116 Safari/537.36"
::1 - - [20/Jul/2020:07:33:50 +0000] "GET /users/profile/5f153d186f5f72c7fc4f9a4f HTTP/1.1" 304 - "http://localhost:8000/home" "Mozilla/5.0 (Windows NT 10.0; Win64; x64) AppleWebKit/537.36 (KHTML, like Gecko) Chrome/83.0.4103.116 Safari/537.36"
::1 - - [20/Jul/2020:07:33:50 +0000] "GET /js/friendship.js HTTP/1.1" 404 155 "http://localhost:8000/users/profile/5f153d186f5f72c7fc4f9a4f" "Mozilla/5.0 (Windows NT 10.0; Win64; x64) AppleWebKit/537.36 (KHTML, like Gecko) Chrome/83.0.4103.116 Safari/537.36"
::1 - - [20/Jul/2020:07:33:50 +0000] "GET /js/friendship.js HTTP/1.1" 404 155 "http://localhost:8000/users/profile/5f153d186f5f72c7fc4f9a4f" "Mozilla/5.0 (Windows NT 10.0; Win64; x64) AppleWebKit/537.36 (KHTML, like Gecko) Chrome/83.0.4103.116 Safari/537.36"
::1 - - [20/Jul/2020:07:34:07 +0000] "GET /home HTTP/1.1" 200 4071 "http://localhost:8000/users/profile/5f153d186f5f72c7fc4f9a4f" "Mozilla/5.0 (Linux; Android 6.0.1; Moto G (4)) AppleWebKit/537.36 (KHTML, like Gecko) Chrome/83.0.4103.116 Mobile Safari/537.36"
::1 - - [20/Jul/2020:07:34:07 +0000] "GET /js/post.js HTTP/1.1" 404 149 "http://localhost:8000/home" "Mozilla/5.0 (Linux; Android 6.0.1; Moto G (4)) AppleWebKit/537.36 (KHTML, like Gecko) Chrome/83.0.4103.116 Mobile Safari/537.36"
::1 - - [20/Jul/2020:07:34:07 +0000] "GET /js/toggle_like.js HTTP/1.1" 404 156 "http://localhost:8000/home" "Mozilla/5.0 (Linux; Android 6.0.1; Moto G (4)) AppleWebKit/537.36 (KHTML, like Gecko) Chrome/83.0.4103.116 Mobile Safari/537.36"
::1 - - [20/Jul/2020:07:34:07 +0000] "GET /js/comment.js HTTP/1.1" 404 152 "http://localhost:8000/home" "Mozilla/5.0 (Linux; Android 6.0.1; Moto G (4)) AppleWebKit/537.36 (KHTML, like Gecko) Chrome/83.0.4103.116 Mobile Safari/537.36"
::1 - - [20/Jul/2020:07:34:07 +0000] "GET /js/friendship.js HTTP/1.1" 404 155 "http://localhost:8000/home" "Mozilla/5.0 (Linux; Android 6.0.1; Moto G (4)) AppleWebKit/537.36 (KHTML, like Gecko) Chrome/83.0.4103.116 Mobile Safari/537.36"
::1 - - [20/Jul/2020:07:34:07 +0000] "GET /js/comment.js HTTP/1.1" 404 152 "http://localhost:8000/home" "Mozilla/5.0 (Linux; Android 6.0.1; Moto G (4)) AppleWebKit/537.36 (KHTML, like Gecko) Chrome/83.0.4103.116 Mobile Safari/537.36"
::1 - - [20/Jul/2020:07:34:07 +0000] "GET /js/post.js HTTP/1.1" 404 149 "http://localhost:8000/home" "Mozilla/5.0 (Linux; Android 6.0.1; Moto G (4)) AppleWebKit/537.36 (KHTML, like Gecko) Chrome/83.0.4103.116 Mobile Safari/537.36"
::1 - - [20/Jul/2020:07:34:07 +0000] "GET /js/toggle_like.js HTTP/1.1" 404 156 "http://localhost:8000/home" "Mozilla/5.0 (Linux; Android 6.0.1; Moto G (4)) AppleWebKit/537.36 (KHTML, like Gecko) Chrome/83.0.4103.116 Mobile Safari/537.36"
::1 - - [20/Jul/2020:07:34:07 +0000] "GET /js/friendship.js HTTP/1.1" 404 155 "http://localhost:8000/home" "Mozilla/5.0 (Linux; Android 6.0.1; Moto G (4)) AppleWebKit/537.36 (KHTML, like Gecko) Chrome/83.0.4103.116 Mobile Safari/537.36"
::1 - - [20/Jul/2020:07:37:54 +0000] "GET /home HTTP/1.1" 200 4117 "http://localhost:8000/users/profile/5f153d186f5f72c7fc4f9a4f" "Mozilla/5.0 (Windows NT 10.0; Win64; x64) AppleWebKit/537.36 (KHTML, like Gecko) Chrome/83.0.4103.116 Safari/537.36"
::1 - - [20/Jul/2020:07:38:02 +0000] "POST /post/create HTTP/1.1" 200 302 "http://localhost:8000/home" "Mozilla/5.0 (Windows NT 10.0; Win64; x64) AppleWebKit/537.36 (KHTML, like Gecko) Chrome/83.0.4103.116 Safari/537.36"
::1 - - [20/Jul/2020:07:38:02 +0000] "GET /undefined HTTP/1.1" 404 148 "http://localhost:8000/home" "Mozilla/5.0 (Windows NT 10.0; Win64; x64) AppleWebKit/537.36 (KHTML, like Gecko) Chrome/83.0.4103.116 Safari/537.36"
::1 - - [20/Jul/2020:07:39:08 +0000] "GET /home HTTP/1.1" 200 5517 "http://localhost:8000/users/profile/5f153d186f5f72c7fc4f9a4f" "Mozilla/5.0 (Windows NT 10.0; Win64; x64) AppleWebKit/537.36 (KHTML, like Gecko) Chrome/83.0.4103.116 Safari/537.36"
::1 - - [20/Jul/2020:07:39:16 +0000] "POST /post/create HTTP/1.1" 200 302 "http://localhost:8000/home" "Mozilla/5.0 (Windows NT 10.0; Win64; x64) AppleWebKit/537.36 (KHTML, like Gecko) Chrome/83.0.4103.116 Safari/537.36"
::1 - - [20/Jul/2020:07:39:16 +0000] "GET /undefined HTTP/1.1" 404 148 "http://localhost:8000/home" "Mozilla/5.0 (Windows NT 10.0; Win64; x64) AppleWebKit/537.36 (KHTML, like Gecko) Chrome/83.0.4103.116 Safari/537.36"
::1 - - [20/Jul/2020:07:39:34 +0000] "POST /comment/create HTTP/1.1" 302 96 "http://localhost:8000/home" "Mozilla/5.0 (Windows NT 10.0; Win64; x64) AppleWebKit/537.36 (KHTML, like Gecko) Chrome/83.0.4103.116 Safari/537.36"
::1 - - [20/Jul/2020:07:39:34 +0000] "GET /home HTTP/1.1" 200 7110 "http://localhost:8000/home" "Mozilla/5.0 (Windows NT 10.0; Win64; x64) AppleWebKit/537.36 (KHTML, like Gecko) Chrome/83.0.4103.116 Safari/537.36"
::1 - - [20/Jul/2020:07:39:36 +0000] "POST /comment/create HTTP/1.1" 200 327 "http://localhost:8000/home" "Mozilla/5.0 (Windows NT 10.0; Win64; x64) AppleWebKit/537.36 (KHTML, like Gecko) Chrome/83.0.4103.116 Safari/537.36"
::1 - - [20/Jul/2020:07:39:36 +0000] "GET /undefined HTTP/1.1" 404 148 "http://localhost:8000/home" "Mozilla/5.0 (Windows NT 10.0; Win64; x64) AppleWebKit/537.36 (KHTML, like Gecko) Chrome/83.0.4103.116 Safari/537.36"
::1 - - [20/Jul/2020:07:39:38 +0000] "POST /comment/create HTTP/1.1" 200 327 "http://localhost:8000/home" "Mozilla/5.0 (Windows NT 10.0; Win64; x64) AppleWebKit/537.36 (KHTML, like Gecko) Chrome/83.0.4103.116 Safari/537.36"
::1 - - [20/Jul/2020:07:39:38 +0000] "GET /undefined HTTP/1.1" 404 148 "http://localhost:8000/home" "Mozilla/5.0 (Windows NT 10.0; Win64; x64) AppleWebKit/537.36 (KHTML, like Gecko) Chrome/83.0.4103.116 Safari/537.36"
::1 - - [20/Jul/2020:07:39:48 +0000] "GET /home HTTP/1.1" 200 8930 "http://localhost:8000/home" "Mozilla/5.0 (Windows NT 10.0; Win64; x64) AppleWebKit/537.36 (KHTML, like Gecko) Chrome/83.0.4103.116 Safari/537.36"
::1 - - [20/Jul/2020:07:39:59 +0000] "GET /home HTTP/1.1" 304 - "http://localhost:8000/home" "Mozilla/5.0 (Windows NT 10.0; Win64; x64) AppleWebKit/537.36 (KHTML, like Gecko) Chrome/83.0.4103.116 Safari/537.36"
::1 - - [20/Jul/2020:07:40:06 +0000] "GET /home HTTP/1.1" 304 - "http://localhost:8000/home" "Mozilla/5.0 (Windows NT 10.0; Win64; x64) AppleWebKit/537.36 (KHTML, like Gecko) Chrome/83.0.4103.116 Safari/537.36"
::1 - - [20/Jul/2020:07:40:11 +0000] "GET /home HTTP/1.1" 304 - "http://localhost:8000/home" "Mozilla/5.0 (Windows NT 10.0; Win64; x64) AppleWebKit/537.36 (KHTML, like Gecko) Chrome/83.0.4103.116 Safari/537.36"
::1 - - [20/Jul/2020:07:41:48 +0000] "GET /home HTTP/1.1" 200 8940 "http://localhost:8000/home" "Mozilla/5.0 (Windows NT 10.0; Win64; x64) AppleWebKit/537.36 (KHTML, like Gecko) Chrome/83.0.4103.116 Safari/537.36"
::1 - - [20/Jul/2020:07:42:01 +0000] "GET /home HTTP/1.1" 200 8930 "http://localhost:8000/home" "Mozilla/5.0 (Windows NT 10.0; Win64; x64) AppleWebKit/537.36 (KHTML, like Gecko) Chrome/83.0.4103.116 Safari/537.36"
::1 - - [20/Jul/2020:07:42:03 +0000] "GET /post/delete/5f154a241012c0b2d0bce1a3 HTTP/1.1" 200 66 "http://localhost:8000/home" "Mozilla/5.0 (Windows NT 10.0; Win64; x64) AppleWebKit/537.36 (KHTML, like Gecko) Chrome/83.0.4103.116 Safari/537.36"
::1 - - [20/Jul/2020:07:42:04 +0000] "GET /post/delete/5f1549da1012c0b2d0bce1a2 HTTP/1.1" 200 66 "http://localhost:8000/home" "Mozilla/5.0 (Windows NT 10.0; Win64; x64) AppleWebKit/537.36 (KHTML, like Gecko) Chrome/83.0.4103.116 Safari/537.36"
::1 - - [20/Jul/2020:07:42:06 +0000] "POST /post/create HTTP/1.1" 200 302 "http://localhost:8000/home" "Mozilla/5.0 (Windows NT 10.0; Win64; x64) AppleWebKit/537.36 (KHTML, like Gecko) Chrome/83.0.4103.116 Safari/537.36"
::1 - - [20/Jul/2020:07:42:06 +0000] "GET /undefined HTTP/1.1" 404 148 "http://localhost:8000/home" "Mozilla/5.0 (Windows NT 10.0; Win64; x64) AppleWebKit/537.36 (KHTML, like Gecko) Chrome/83.0.4103.116 Safari/537.36"
::1 - - [20/Jul/2020:07:42:09 +0000] "POST /comment/create HTTP/1.1" 302 96 "http://localhost:8000/home" "Mozilla/5.0 (Windows NT 10.0; Win64; x64) AppleWebKit/537.36 (KHTML, like Gecko) Chrome/83.0.4103.116 Safari/537.36"
::1 - - [20/Jul/2020:07:42:09 +0000] "GET /home HTTP/1.1" 200 6462 "http://localhost:8000/home" "Mozilla/5.0 (Windows NT 10.0; Win64; x64) AppleWebKit/537.36 (KHTML, like Gecko) Chrome/83.0.4103.116 Safari/537.36"
::1 - - [20/Jul/2020:07:42:11 +0000] "POST /comment/create HTTP/1.1" 200 327 "http://localhost:8000/home" "Mozilla/5.0 (Windows NT 10.0; Win64; x64) AppleWebKit/537.36 (KHTML, like Gecko) Chrome/83.0.4103.116 Safari/537.36"
::1 - - [20/Jul/2020:07:42:11 +0000] "GET /undefined HTTP/1.1" 404 148 "http://localhost:8000/home" "Mozilla/5.0 (Windows NT 10.0; Win64; x64) AppleWebKit/537.36 (KHTML, like Gecko) Chrome/83.0.4103.116 Safari/537.36"
::1 - - [20/Jul/2020:07:42:12 +0000] "POST /comment/create HTTP/1.1" 200 327 "http://localhost:8000/home" "Mozilla/5.0 (Windows NT 10.0; Win64; x64) AppleWebKit/537.36 (KHTML, like Gecko) Chrome/83.0.4103.116 Safari/537.36"
::1 - - [20/Jul/2020:07:42:12 +0000] "GET /undefined HTTP/1.1" 404 148 "http://localhost:8000/home" "Mozilla/5.0 (Windows NT 10.0; Win64; x64) AppleWebKit/537.36 (KHTML, like Gecko) Chrome/83.0.4103.116 Safari/537.36"
::1 - - [20/Jul/2020:07:42:29 +0000] "GET /home HTTP/1.1" 200 7591 "http://localhost:8000/home" "Mozilla/5.0 (Windows NT 10.0; Win64; x64) AppleWebKit/537.36 (KHTML, like Gecko) Chrome/83.0.4103.116 Safari/537.36"
::1 - - [20/Jul/2020:07:42:31 +0000] "GET /home HTTP/1.1" 304 - "http://localhost:8000/home" "Mozilla/5.0 (Windows NT 10.0; Win64; x64) AppleWebKit/537.36 (KHTML, like Gecko) Chrome/83.0.4103.116 Safari/537.36"
::1 - - [20/Jul/2020:07:42:33 +0000] "GET /post/delete/5f154ace1012c0b2d0bce1a8 HTTP/1.1" 200 66 "http://localhost:8000/home" "Mozilla/5.0 (Windows NT 10.0; Win64; x64) AppleWebKit/537.36 (KHTML, like Gecko) Chrome/83.0.4103.116 Safari/537.36"
::1 - - [20/Jul/2020:07:42:35 +0000] "POST /post/create HTTP/1.1" 200 302 "http://localhost:8000/home" "Mozilla/5.0 (Windows NT 10.0; Win64; x64) AppleWebKit/537.36 (KHTML, like Gecko) Chrome/83.0.4103.116 Safari/537.36"
::1 - - [20/Jul/2020:07:42:35 +0000] "GET /undefined HTTP/1.1" 404 148 "http://localhost:8000/home" "Mozilla/5.0 (Windows NT 10.0; Win64; x64) AppleWebKit/537.36 (KHTML, like Gecko) Chrome/83.0.4103.116 Safari/537.36"
::1 - - [20/Jul/2020:07:42:37 +0000] "POST /comment/create HTTP/1.1" 302 96 "http://localhost:8000/home" "Mozilla/5.0 (Windows NT 10.0; Win64; x64) AppleWebKit/537.36 (KHTML, like Gecko) Chrome/83.0.4103.116 Safari/537.36"
::1 - - [20/Jul/2020:07:42:37 +0000] "GET /home HTTP/1.1" 200 6462 "http://localhost:8000/home" "Mozilla/5.0 (Windows NT 10.0; Win64; x64) AppleWebKit/537.36 (KHTML, like Gecko) Chrome/83.0.4103.116 Safari/537.36"
::1 - - [20/Jul/2020:07:42:39 +0000] "POST /comment/create HTTP/1.1" 200 329 "http://localhost:8000/home" "Mozilla/5.0 (Windows NT 10.0; Win64; x64) AppleWebKit/537.36 (KHTML, like Gecko) Chrome/83.0.4103.116 Safari/537.36"
::1 - - [20/Jul/2020:07:42:39 +0000] "GET /undefined HTTP/1.1" 404 148 "http://localhost:8000/home" "Mozilla/5.0 (Windows NT 10.0; Win64; x64) AppleWebKit/537.36 (KHTML, like Gecko) Chrome/83.0.4103.116 Safari/537.36"
::1 - - [20/Jul/2020:07:42:42 +0000] "POST /comment/create HTTP/1.1" 200 328 "http://localhost:8000/home" "Mozilla/5.0 (Windows NT 10.0; Win64; x64) AppleWebKit/537.36 (KHTML, like Gecko) Chrome/83.0.4103.116 Safari/537.36"
::1 - - [20/Jul/2020:07:42:42 +0000] "GET /undefined HTTP/1.1" 404 148 "http://localhost:8000/home" "Mozilla/5.0 (Windows NT 10.0; Win64; x64) AppleWebKit/537.36 (KHTML, like Gecko) Chrome/83.0.4103.116 Safari/537.36"
::1 - - [20/Jul/2020:07:42:43 +0000] "GET /comment/delete/5f154af2978fb88f7c67b7e3 HTTP/1.1" 200 69 "http://localhost:8000/home" "Mozilla/5.0 (Windows NT 10.0; Win64; x64) AppleWebKit/537.36 (KHTML, like Gecko) Chrome/83.0.4103.116 Safari/537.36"
::1 - - [20/Jul/2020:07:42:43 +0000] "GET /comment/delete/5f154aef978fb88f7c67b7e2 HTTP/1.1" 200 69 "http://localhost:8000/home" "Mozilla/5.0 (Windows NT 10.0; Win64; x64) AppleWebKit/537.36 (KHTML, like Gecko) Chrome/83.0.4103.116 Safari/537.36"
::1 - - [20/Jul/2020:07:42:44 +0000] "GET /comment/delete/5f154aed978fb88f7c67b7e0 HTTP/1.1" 200 69 "http://localhost:8000/home" "Mozilla/5.0 (Windows NT 10.0; Win64; x64) AppleWebKit/537.36 (KHTML, like Gecko) Chrome/83.0.4103.116 Safari/537.36"
::1 - - [20/Jul/2020:07:42:45 +0000] "GET /post/delete/5f154aeb978fb88f7c67b7df HTTP/1.1" 200 66 "http://localhost:8000/home" "Mozilla/5.0 (Windows NT 10.0; Win64; x64) AppleWebKit/537.36 (KHTML, like Gecko) Chrome/83.0.4103.116 Safari/537.36"
::1 - - [20/Jul/2020:07:42:48 +0000] "GET /users/profile/5f153d186f5f72c7fc4f9a4f HTTP/1.1" 200 7554 "http://localhost:8000/home" "Mozilla/5.0 (Windows NT 10.0; Win64; x64) AppleWebKit/537.36 (KHTML, like Gecko) Chrome/83.0.4103.116 Safari/537.36"
::1 - - [20/Jul/2020:07:43:01 +0000] "POST /users/update/5f153d186f5f72c7fc4f9a4f HTTP/1.1" 302 164 "http://localhost:8000/users/profile/5f153d186f5f72c7fc4f9a4f" "Mozilla/5.0 (Windows NT 10.0; Win64; x64) AppleWebKit/537.36 (KHTML, like Gecko) Chrome/83.0.4103.116 Safari/537.36"
::1 - - [20/Jul/2020:07:43:01 +0000] "GET /users/profile/5f153d186f5f72c7fc4f9a4f HTTP/1.1" 200 8589 "http://localhost:8000/users/profile/5f153d186f5f72c7fc4f9a4f" "Mozilla/5.0 (Windows NT 10.0; Win64; x64) AppleWebKit/537.36 (KHTML, like Gecko) Chrome/83.0.4103.116 Safari/537.36"
::1 - - [20/Jul/2020:07:43:05 +0000] "GET /home HTTP/1.1" 200 4219 "http://localhost:8000/users/profile/5f153d186f5f72c7fc4f9a4f" "Mozilla/5.0 (Windows NT 10.0; Win64; x64) AppleWebKit/537.36 (KHTML, like Gecko) Chrome/83.0.4103.116 Safari/537.36"
::1 - - [20/Jul/2020:07:43:10 +0000] "POST /post/create HTTP/1.1" 200 348 "http://localhost:8000/home" "Mozilla/5.0 (Windows NT 10.0; Win64; x64) AppleWebKit/537.36 (KHTML, like Gecko) Chrome/83.0.4103.116 Safari/537.36"
::1 - - [20/Jul/2020:07:43:39 +0000] "POST /post/create HTTP/1.1" 200 349 "http://localhost:8000/home" "Mozilla/5.0 (Windows NT 10.0; Win64; x64) AppleWebKit/537.36 (KHTML, like Gecko) Chrome/83.0.4103.116 Safari/537.36"
::1 - - [20/Jul/2020:07:43:42 +0000] "POST /post/create HTTP/1.1" 200 349 "http://localhost:8000/home" "Mozilla/5.0 (Windows NT 10.0; Win64; x64) AppleWebKit/537.36 (KHTML, like Gecko) Chrome/83.0.4103.116 Safari/537.36"
::1 - - [20/Jul/2020:07:43:47 +0000] "GET /home HTTP/1.1" 200 8364 "http://localhost:8000/users/profile/5f153d186f5f72c7fc4f9a4f" "Mozilla/5.0 (Windows NT 10.0; Win64; x64) AppleWebKit/537.36 (KHTML, like Gecko) Chrome/83.0.4103.116 Safari/537.36"
::1 - - [20/Jul/2020:07:43:47 +0000] "POST /post/create HTTP/1.1" - - "http://localhost:8000/home" "Mozilla/5.0 (Windows NT 10.0; Win64; x64) AppleWebKit/537.36 (KHTML, like Gecko) Chrome/83.0.4103.116 Safari/537.36"
::1 - - [20/Jul/2020:07:43:52 +0000] "POST /post/create HTTP/1.1" 200 349 "http://localhost:8000/home" "Mozilla/5.0 (Windows NT 10.0; Win64; x64) AppleWebKit/537.36 (KHTML, like Gecko) Chrome/83.0.4103.116 Safari/537.36"
::1 - - [20/Jul/2020:07:43:56 +0000] "POST /post/create HTTP/1.1" 200 349 "http://localhost:8000/home" "Mozilla/5.0 (Windows NT 10.0; Win64; x64) AppleWebKit/537.36 (KHTML, like Gecko) Chrome/83.0.4103.116 Safari/537.36"
::1 - - [20/Jul/2020:07:43:59 +0000] "GET /home HTTP/1.1" 200 11128 "http://localhost:8000/users/profile/5f153d186f5f72c7fc4f9a4f" "Mozilla/5.0 (Windows NT 10.0; Win64; x64) AppleWebKit/537.36 (KHTML, like Gecko) Chrome/83.0.4103.116 Safari/537.36"
::1 - - [20/Jul/2020:07:51:50 +0000] "GET / HTTP/1.1" 302 54 "-" "Mozilla/5.0 (Windows NT 10.0; Win64; x64) AppleWebKit/537.36 (KHTML, like Gecko) Chrome/83.0.4103.116 Safari/537.36"
::1 - - [20/Jul/2020:07:51:50 +0000] "GET /home HTTP/1.1" 304 - "-" "Mozilla/5.0 (Windows NT 10.0; Win64; x64) AppleWebKit/537.36 (KHTML, like Gecko) Chrome/83.0.4103.116 Safari/537.36"
::1 - - [20/Jul/2020:07:51:57 +0000] "GET /post/delete/5f154b3c978fb88f7c67b7e9 HTTP/1.1" 200 66 "http://localhost:8000/home" "Mozilla/5.0 (Windows NT 10.0; Win64; x64) AppleWebKit/537.36 (KHTML, like Gecko) Chrome/83.0.4103.116 Safari/537.36"
::1 - - [20/Jul/2020:07:51:57 +0000] "GET /post/delete/5f154b38978fb88f7c67b7e8 HTTP/1.1" 200 66 "http://localhost:8000/home" "Mozilla/5.0 (Windows NT 10.0; Win64; x64) AppleWebKit/537.36 (KHTML, like Gecko) Chrome/83.0.4103.116 Safari/537.36"
::1 - - [20/Jul/2020:07:51:57 +0000] "GET /post/delete/5f154b2e978fb88f7c67b7e7 HTTP/1.1" 200 66 "http://localhost:8000/home" "Mozilla/5.0 (Windows NT 10.0; Win64; x64) AppleWebKit/537.36 (KHTML, like Gecko) Chrome/83.0.4103.116 Safari/537.36"
::1 - - [20/Jul/2020:07:51:58 +0000] "GET /post/delete/5f154b2b978fb88f7c67b7e5 HTTP/1.1" 200 66 "http://localhost:8000/home" "Mozilla/5.0 (Windows NT 10.0; Win64; x64) AppleWebKit/537.36 (KHTML, like Gecko) Chrome/83.0.4103.116 Safari/537.36"
::1 - - [20/Jul/2020:07:51:58 +0000] "GET /post/delete/5f154b0e978fb88f7c67b7e4 HTTP/1.1" 200 66 "http://localhost:8000/home" "Mozilla/5.0 (Windows NT 10.0; Win64; x64) AppleWebKit/537.36 (KHTML, like Gecko) Chrome/83.0.4103.116 Safari/537.36"
::1 - - [20/Jul/2020:07:52:14 +0000] "GET / HTTP/1.1" 302 54 "-" "Mozilla/5.0 (Windows NT 10.0; Win64; x64) AppleWebKit/537.36 (KHTML, like Gecko) Chrome/83.0.4103.116 Safari/537.36"
::1 - - [20/Jul/2020:07:52:14 +0000] "GET /home HTTP/1.1" 200 4219 "-" "Mozilla/5.0 (Windows NT 10.0; Win64; x64) AppleWebKit/537.36 (KHTML, like Gecko) Chrome/83.0.4103.116 Safari/537.36"
::1 - - [20/Jul/2020:07:52:19 +0000] "POST /post/create HTTP/1.1" 200 349 "http://localhost:8000/home" "Mozilla/5.0 (Windows NT 10.0; Win64; x64) AppleWebKit/537.36 (KHTML, like Gecko) Chrome/83.0.4103.116 Safari/537.36"
::1 - - [20/Jul/2020:07:52:28 +0000] "GET /users/profile/5f153d186f5f72c7fc4f9a4f HTTP/1.1" 304 - "http://localhost:8000/home" "Mozilla/5.0 (Windows NT 10.0; Win64; x64) AppleWebKit/537.36 (KHTML, like Gecko) Chrome/83.0.4103.116 Safari/537.36"
::1 - - [20/Jul/2020:07:52:30 +0000] "GET /home HTTP/1.1" 200 5601 "http://localhost:8000/users/profile/5f153d186f5f72c7fc4f9a4f" "Mozilla/5.0 (Windows NT 10.0; Win64; x64) AppleWebKit/537.36 (KHTML, like Gecko) Chrome/83.0.4103.116 Safari/537.36"
::1 - - [20/Jul/2020:07:54:10 +0000] "POST /post/create HTTP/1.1" 200 349 "http://localhost:8000/home" "Mozilla/5.0 (Windows NT 10.0; Win64; x64) AppleWebKit/537.36 (KHTML, like Gecko) Chrome/83.0.4103.116 Safari/537.36"
::1 - - [20/Jul/2020:07:54:12 +0000] "POST /comment/create HTTP/1.1" 302 96 "http://localhost:8000/home" "Mozilla/5.0 (Windows NT 10.0; Win64; x64) AppleWebKit/537.36 (KHTML, like Gecko) Chrome/83.0.4103.116 Safari/537.36"
::1 - - [20/Jul/2020:07:54:12 +0000] "GET /home HTTP/1.1" 200 7970 "http://localhost:8000/home" "Mozilla/5.0 (Windows NT 10.0; Win64; x64) AppleWebKit/537.36 (KHTML, like Gecko) Chrome/83.0.4103.116 Safari/537.36"
::1 - - [20/Jul/2020:07:54:16 +0000] "POST /comment/create HTTP/1.1" 200 375 "http://localhost:8000/home" "Mozilla/5.0 (Windows NT 10.0; Win64; x64) AppleWebKit/537.36 (KHTML, like Gecko) Chrome/83.0.4103.116 Safari/537.36"
::1 - - [20/Jul/2020:07:54:32 +0000] "GET / HTTP/1.1" 302 54 "-" "Mozilla/5.0 (Windows NT 10.0; Win64; x64) AppleWebKit/537.36 (KHTML, like Gecko) Chrome/83.0.4103.116 Safari/537.36"
::1 - - [20/Jul/2020:07:54:32 +0000] "GET /home HTTP/1.1" 200 8451 "-" "Mozilla/5.0 (Windows NT 10.0; Win64; x64) AppleWebKit/537.36 (KHTML, like Gecko) Chrome/83.0.4103.116 Safari/537.36"
::1 - - [20/Jul/2020:07:54:37 +0000] "POST /comment/create HTTP/1.1" 200 375 "http://localhost:8000/home" "Mozilla/5.0 (Windows NT 10.0; Win64; x64) AppleWebKit/537.36 (KHTML, like Gecko) Chrome/83.0.4103.116 Safari/537.36"
::1 - - [20/Jul/2020:07:54:56 +0000] "GET / HTTP/1.1" 302 54 "-" "Mozilla/5.0 (Windows NT 10.0; Win64; x64) AppleWebKit/537.36 (KHTML, like Gecko) Chrome/83.0.4103.116 Safari/537.36"
::1 - - [20/Jul/2020:07:54:56 +0000] "GET /home HTTP/1.1" 200 9185 "-" "Mozilla/5.0 (Windows NT 10.0; Win64; x64) AppleWebKit/537.36 (KHTML, like Gecko) Chrome/83.0.4103.116 Safari/537.36"
::1 - - [20/Jul/2020:07:55:03 +0000] "POST /comment/create HTTP/1.1" 200 374 "http://localhost:8000/home" "Mozilla/5.0 (Windows NT 10.0; Win64; x64) AppleWebKit/537.36 (KHTML, like Gecko) Chrome/83.0.4103.116 Safari/537.36"
::1 - - [20/Jul/2020:07:55:06 +0000] "POST /comment/create HTTP/1.1" 200 377 "http://localhost:8000/home" "Mozilla/5.0 (Windows NT 10.0; Win64; x64) AppleWebKit/537.36 (KHTML, like Gecko) Chrome/83.0.4103.116 Safari/537.36"
::1 - - [20/Jul/2020:07:55:17 +0000] "GET /comment/delete/5f154da8a981738ae4780b26 HTTP/1.1" 200 69 "http://localhost:8000/home" "Mozilla/5.0 (Windows NT 10.0; Win64; x64) AppleWebKit/537.36 (KHTML, like Gecko) Chrome/83.0.4103.116 Safari/537.36"
::1 - - [20/Jul/2020:07:55:18 +0000] "GET /comment/delete/5f154da4a981738ae4780b24 HTTP/1.1" 200 69 "http://localhost:8000/home" "Mozilla/5.0 (Windows NT 10.0; Win64; x64) AppleWebKit/537.36 (KHTML, like Gecko) Chrome/83.0.4103.116 Safari/537.36"
::1 - - [20/Jul/2020:07:55:18 +0000] "GET /comment/delete/5f154dbdb32582a8c8512ebc HTTP/1.1" 200 69 "http://localhost:8000/home" "Mozilla/5.0 (Windows NT 10.0; Win64; x64) AppleWebKit/537.36 (KHTML, like Gecko) Chrome/83.0.4103.116 Safari/537.36"
::1 - - [20/Jul/2020:07:55:19 +0000] "GET /post/delete/5f154d33a981738ae4780b22 HTTP/1.1" 200 66 "http://localhost:8000/home" "Mozilla/5.0 (Windows NT 10.0; Win64; x64) AppleWebKit/537.36 (KHTML, like Gecko) Chrome/83.0.4103.116 Safari/537.36"
::1 - - [20/Jul/2020:07:55:20 +0000] "GET /post/delete/5f154da2a981738ae4780b23 HTTP/1.1" 200 66 "http://localhost:8000/home" "Mozilla/5.0 (Windows NT 10.0; Win64; x64) AppleWebKit/537.36 (KHTML, like Gecko) Chrome/83.0.4103.116 Safari/537.36"
::1 - - [20/Jul/2020:07:55:24 +0000] "GET /users/profile/5f153d186f5f72c7fc4f9a4f HTTP/1.1" 304 - "http://localhost:8000/home" "Mozilla/5.0 (Windows NT 10.0; Win64; x64) AppleWebKit/537.36 (KHTML, like Gecko) Chrome/83.0.4103.116 Safari/537.36"
::1 - - [20/Jul/2020:07:55:24 +0000] "GET /comment/delete/5f154da8a981738ae4780b26 HTTP/1.1" - - "http://localhost:8000/home" "Mozilla/5.0 (Windows NT 10.0; Win64; x64) AppleWebKit/537.36 (KHTML, like Gecko) Chrome/83.0.4103.116 Safari/537.36"
::1 - - [20/Jul/2020:07:55:24 +0000] "GET /comment/delete/5f154da4a981738ae4780b24 HTTP/1.1" - - "http://localhost:8000/home" "Mozilla/5.0 (Windows NT 10.0; Win64; x64) AppleWebKit/537.36 (KHTML, like Gecko) Chrome/83.0.4103.116 Safari/537.36"
::1 - - [20/Jul/2020:07:55:24 +0000] "GET /comment/delete/5f154dbdb32582a8c8512ebc HTTP/1.1" - - "http://localhost:8000/home" "Mozilla/5.0 (Windows NT 10.0; Win64; x64) AppleWebKit/537.36 (KHTML, like Gecko) Chrome/83.0.4103.116 Safari/537.36"
::1 - - [20/Jul/2020:07:55:38 +0000] "GET / HTTP/1.1" 302 54 "-" "Mozilla/5.0 (Windows NT 10.0; Win64; x64) AppleWebKit/537.36 (KHTML, like Gecko) Chrome/83.0.4103.116 Safari/537.36"
::1 - - [20/Jul/2020:07:55:38 +0000] "GET /home HTTP/1.1" 200 4219 "-" "Mozilla/5.0 (Windows NT 10.0; Win64; x64) AppleWebKit/537.36 (KHTML, like Gecko) Chrome/83.0.4103.116 Safari/537.36"
::1 - - [20/Jul/2020:07:55:42 +0000] "POST /post/create HTTP/1.1" 200 349 "http://localhost:8000/home" "Mozilla/5.0 (Windows NT 10.0; Win64; x64) AppleWebKit/537.36 (KHTML, like Gecko) Chrome/83.0.4103.116 Safari/537.36"
::1 - - [20/Jul/2020:07:55:52 +0000] "GET / HTTP/1.1" 302 54 "-" "Mozilla/5.0 (Windows NT 10.0; Win64; x64) AppleWebKit/537.36 (KHTML, like Gecko) Chrome/83.0.4103.116 Safari/537.36"
::1 - - [20/Jul/2020:07:55:52 +0000] "GET /home HTTP/1.1" 200 5601 "-" "Mozilla/5.0 (Windows NT 10.0; Win64; x64) AppleWebKit/537.36 (KHTML, like Gecko) Chrome/83.0.4103.116 Safari/537.36"
::1 - - [20/Jul/2020:07:55:55 +0000] "POST /post/create HTTP/1.1" 200 349 "http://localhost:8000/home" "Mozilla/5.0 (Windows NT 10.0; Win64; x64) AppleWebKit/537.36 (KHTML, like Gecko) Chrome/83.0.4103.116 Safari/537.36"
::1 - - [20/Jul/2020:07:55:56 +0000] "GET /post/delete/5f154e0be65160c2ecf71c44 HTTP/1.1" 200 66 "http://localhost:8000/home" "Mozilla/5.0 (Windows NT 10.0; Win64; x64) AppleWebKit/537.36 (KHTML, like Gecko) Chrome/83.0.4103.116 Safari/537.36"
::1 - - [20/Jul/2020:07:55:56 +0000] "GET /post/delete/5f154dfee65160c2ecf71c43 HTTP/1.1" 200 66 "http://localhost:8000/home" "Mozilla/5.0 (Windows NT 10.0; Win64; x64) AppleWebKit/537.36 (KHTML, like Gecko) Chrome/83.0.4103.116 Safari/537.36"
::1 - - [20/Jul/2020:07:55:58 +0000] "POST /post/create HTTP/1.1" 200 349 "http://localhost:8000/home" "Mozilla/5.0 (Windows NT 10.0; Win64; x64) AppleWebKit/537.36 (KHTML, like Gecko) Chrome/83.0.4103.116 Safari/537.36"
::1 - - [20/Jul/2020:07:56:00 +0000] "GET /post/delete/5f154e0ee65160c2ecf71c45 HTTP/1.1" 200 66 "http://localhost:8000/home" "Mozilla/5.0 (Windows NT 10.0; Win64; x64) AppleWebKit/537.36 (KHTML, like Gecko) Chrome/83.0.4103.116 Safari/537.36"
::1 - - [20/Jul/2020:08:04:38 +0000] "GET /home HTTP/1.1" 200 4159 "-" "Mozilla/5.0 (Windows NT 10.0; Win64; x64) AppleWebKit/537.36 (KHTML, like Gecko) Chrome/83.0.4103.116 Safari/537.36"
::1 - - [20/Jul/2020:08:04:42 +0000] "POST /post/create HTTP/1.1" 200 349 "http://localhost:8000/home" "Mozilla/5.0 (Windows NT 10.0; Win64; x64) AppleWebKit/537.36 (KHTML, like Gecko) Chrome/83.0.4103.116 Safari/537.36"
::1 - - [20/Jul/2020:08:04:59 +0000] "POST /comment/create HTTP/1.1" 302 96 "http://localhost:8000/home" "Mozilla/5.0 (Windows NT 10.0; Win64; x64) AppleWebKit/537.36 (KHTML, like Gecko) Chrome/83.0.4103.116 Safari/537.36"
::1 - - [20/Jul/2020:08:04:59 +0000] "GET /home HTTP/1.1" 200 6589 "http://localhost:8000/home" "Mozilla/5.0 (Windows NT 10.0; Win64; x64) AppleWebKit/537.36 (KHTML, like Gecko) Chrome/83.0.4103.116 Safari/537.36"
::1 - - [20/Jul/2020:08:04:59 +0000] "POST /post/create HTTP/1.1" - - "http://localhost:8000/home" "Mozilla/5.0 (Windows NT 10.0; Win64; x64) AppleWebKit/537.36 (KHTML, like Gecko) Chrome/83.0.4103.116 Safari/537.36"
::1 - - [20/Jul/2020:08:05:05 +0000] "GET /home HTTP/1.1" 200 6336 "http://localhost:8000/home" "Mozilla/5.0 (Windows NT 10.0; Win64; x64) AppleWebKit/537.36 (KHTML, like Gecko) Chrome/83.0.4103.116 Safari/537.36"
::1 - - [20/Jul/2020:08:05:08 +0000] "GET /post/delete/5f15501a7a89fdba848a56d0 HTTP/1.1" 200 66 "http://localhost:8000/home" "Mozilla/5.0 (Windows NT 10.0; Win64; x64) AppleWebKit/537.36 (KHTML, like Gecko) Chrome/83.0.4103.116 Safari/537.36"
[0mGET / [32m200[0m 35.895 ms - 4217[0m
::1 - - [20/Jul/2020:10:20:32 +0000] "GET / HTTP/1.1" 200 4261 "-" "Mozilla/5.0 (Windows NT 10.0; Win64; x64) AppleWebKit/537.36 (KHTML, like Gecko) Chrome/83.0.4103.116 Safari/537.36"
::1 - - [20/Jul/2020:10:20:32 +0000] "GET /images/sign-up-pic.png HTTP/1.1" 404 161 "http://localhost:8000/" "Mozilla/5.0 (Windows NT 10.0; Win64; x64) AppleWebKit/537.36 (KHTML, like Gecko) Chrome/83.0.4103.116 Safari/537.36"
::1 - - [20/Jul/2020:10:20:34 +0000] "GET /sign-in HTTP/1.1" 200 3538 "http://localhost:8000/" "Mozilla/5.0 (Windows NT 10.0; Win64; x64) AppleWebKit/537.36 (KHTML, like Gecko) Chrome/83.0.4103.116 Safari/537.36"
::1 - - [20/Jul/2020:10:20:37 +0000] "POST /users/create_session HTTP/1.1" 302 54 "http://localhost:8000/sign-in" "Mozilla/5.0 (Windows NT 10.0; Win64; x64) AppleWebKit/537.36 (KHTML, like Gecko) Chrome/83.0.4103.116 Safari/537.36"
::1 - - [20/Jul/2020:10:20:37 +0000] "GET /home HTTP/1.1" 200 4411 "http://localhost:8000/sign-in" "Mozilla/5.0 (Windows NT 10.0; Win64; x64) AppleWebKit/537.36 (KHTML, like Gecko) Chrome/83.0.4103.116 Safari/537.36"
::1 - - [20/Jul/2020:10:20:42 +0000] "POST /post/create HTTP/1.1" 200 349 "http://localhost:8000/home" "Mozilla/5.0 (Windows NT 10.0; Win64; x64) AppleWebKit/537.36 (KHTML, like Gecko) Chrome/83.0.4103.116 Safari/537.36"
::1 - - [20/Jul/2020:10:27:17 +0000] "GET /home HTTP/1.1" 200 5857 "http://localhost:8000/sign-in" "Mozilla/5.0 (Windows NT 10.0; Win64; x64) AppleWebKit/537.36 (KHTML, like Gecko) Chrome/83.0.4103.116 Safari/537.36"
::1 - - [20/Jul/2020:10:27:17 +0000] "GET /undefined HTTP/1.1" 404 148 "http://localhost:8000/home" "Mozilla/5.0 (Windows NT 10.0; Win64; x64) AppleWebKit/537.36 (KHTML, like Gecko) Chrome/83.0.4103.116 Safari/537.36"
::1 - - [20/Jul/2020:10:27:19 +0000] "GET /undefined HTTP/1.1" 404 148 "http://localhost:8000/home" "Mozilla/5.0 (Windows NT 10.0; Win64; x64) AppleWebKit/537.36 (KHTML, like Gecko) Chrome/83.0.4103.116 Safari/537.36"
::1 - - [20/Jul/2020:10:27:58 +0000] "GET /home HTTP/1.1" 304 - "http://localhost:8000/sign-in" "Mozilla/5.0 (Windows NT 10.0; Win64; x64) AppleWebKit/537.36 (KHTML, like Gecko) Chrome/83.0.4103.116 Safari/537.36"
::1 - - [20/Jul/2020:10:27:58 +0000] "GET /undefined HTTP/1.1" 404 148 "http://localhost:8000/home" "Mozilla/5.0 (Windows NT 10.0; Win64; x64) AppleWebKit/537.36 (KHTML, like Gecko) Chrome/83.0.4103.116 Safari/537.36"
::1 - - [20/Jul/2020:10:28:01 +0000] "GET /home HTTP/1.1" 304 - "http://localhost:8000/sign-in" "Mozilla/5.0 (Windows NT 10.0; Win64; x64) AppleWebKit/537.36 (KHTML, like Gecko) Chrome/83.0.4103.116 Safari/537.36"
::1 - - [20/Jul/2020:10:28:01 +0000] "GET /undefined HTTP/1.1" 404 148 "http://localhost:8000/home" "Mozilla/5.0 (Windows NT 10.0; Win64; x64) AppleWebKit/537.36 (KHTML, like Gecko) Chrome/83.0.4103.116 Safari/537.36"
::1 - - [20/Jul/2020:10:28:04 +0000] "GET /home HTTP/1.1" 304 - "http://localhost:8000/sign-in" "Mozilla/5.0 (Windows NT 10.0; Win64; x64) AppleWebKit/537.36 (KHTML, like Gecko) Chrome/83.0.4103.116 Safari/537.36"
::1 - - [20/Jul/2020:10:28:04 +0000] "GET /undefined HTTP/1.1" 404 148 "http://localhost:8000/home" "Mozilla/5.0 (Windows NT 10.0; Win64; x64) AppleWebKit/537.36 (KHTML, like Gecko) Chrome/83.0.4103.116 Safari/537.36"
[0mGET / [32m200[0m 33.338 ms - 4505[0m
[0mGET /css/layout.css [33m404[0m 7.921 ms - 153[0m
[0mGET /css/layout.css [33m404[0m 0.897 ms - 153[0m
[0mGET / [36m304[0m 49.800 ms - -[0m
[0mGET /css/layout.css [33m404[0m 25.626 ms - 153[0m
[0mGET /css/layout.css [33m404[0m 0.464 ms - 153[0m
[0mGET /sign-in [32m200[0m 21.331 ms - 3782[0m
[0mGET /css/layout.css [33m404[0m 5.524 ms - 153[0m
[0mPOST /users/create_session [36m302[0m 28.212 ms - 54[0m
[0mGET /home [32m200[0m 126.946 ms - 20314[0m
[0mGET /css/layout.css [33m404[0m 2.152 ms - 153[0m
[0mGET /home [32m200[0m 79.775 ms - 20062[0m
[0mGET /css/layout.css [33m404[0m 2.852 ms - 153[0m
[0mGET /home [36m304[0m 100.120 ms - -[0m
[0mGET /css/layout.css [33m404[0m 3.222 ms - 153[0m
::1 - - [20/Jul/2020:10:33:29 +0000] "GET / HTTP/1.1" 200 4577 "-" "Mozilla/5.0 (Windows NT 10.0; Win64; x64) AppleWebKit/537.36 (KHTML, like Gecko) Chrome/83.0.4103.116 Safari/537.36"
::1 - - [20/Jul/2020:10:33:30 +0000] "GET /undefined HTTP/1.1" 404 148 "http://localhost:8000/" "Mozilla/5.0 (Windows NT 10.0; Win64; x64) AppleWebKit/537.36 (KHTML, like Gecko) Chrome/83.0.4103.116 Safari/537.36"
::1 - - [20/Jul/2020:10:33:30 +0000] "GET /images/sign-up-pic.png HTTP/1.1" 404 161 "http://localhost:8000/" "Mozilla/5.0 (Windows NT 10.0; Win64; x64) AppleWebKit/537.36 (KHTML, like Gecko) Chrome/83.0.4103.116 Safari/537.36"
::1 - - [20/Jul/2020:10:33:31 +0000] "GET /undefined HTTP/1.1" 404 148 "http://localhost:8000/" "Mozilla/5.0 (Windows NT 10.0; Win64; x64) AppleWebKit/537.36 (KHTML, like Gecko) Chrome/83.0.4103.116 Safari/537.36"
::1 - - [20/Jul/2020:10:33:33 +0000] "GET /sign-in HTTP/1.1" 200 3854 "http://localhost:8000/" "Mozilla/5.0 (Windows NT 10.0; Win64; x64) AppleWebKit/537.36 (KHTML, like Gecko) Chrome/83.0.4103.116 Safari/537.36"
::1 - - [20/Jul/2020:10:33:33 +0000] "GET /undefined HTTP/1.1" 404 148 "http://localhost:8000/sign-in" "Mozilla/5.0 (Windows NT 10.0; Win64; x64) AppleWebKit/537.36 (KHTML, like Gecko) Chrome/83.0.4103.116 Safari/537.36"
::1 - - [20/Jul/2020:10:33:35 +0000] "POST /users/create_session HTTP/1.1" 302 54 "http://localhost:8000/sign-in" "Mozilla/5.0 (Windows NT 10.0; Win64; x64) AppleWebKit/537.36 (KHTML, like Gecko) Chrome/83.0.4103.116 Safari/537.36"
::1 - - [20/Jul/2020:10:33:35 +0000] "GET /home HTTP/1.1" 200 6109 "http://localhost:8000/sign-in" "Mozilla/5.0 (Windows NT 10.0; Win64; x64) AppleWebKit/537.36 (KHTML, like Gecko) Chrome/83.0.4103.116 Safari/537.36"
::1 - - [20/Jul/2020:10:33:35 +0000] "GET /undefined HTTP/1.1" 404 148 "http://localhost:8000/home" "Mozilla/5.0 (Windows NT 10.0; Win64; x64) AppleWebKit/537.36 (KHTML, like Gecko) Chrome/83.0.4103.116 Safari/537.36"
::1 - - [20/Jul/2020:10:33:40 +0000] "POST /post/create HTTP/1.1" 200 349 "http://localhost:8000/home" "Mozilla/5.0 (Windows NT 10.0; Win64; x64) AppleWebKit/537.36 (KHTML, like Gecko) Chrome/83.0.4103.116 Safari/537.36"
::1 - - [20/Jul/2020:10:33:42 +0000] "GET /post/delete/5f157304e6b2122838069881 HTTP/1.1" 200 66 "http://localhost:8000/home" "Mozilla/5.0 (Windows NT 10.0; Win64; x64) AppleWebKit/537.36 (KHTML, like Gecko) Chrome/83.0.4103.116 Safari/537.36"
::1 - - [20/Jul/2020:10:33:43 +0000] "GET /post/delete/5f156ffa72daa9636037ffd1 HTTP/1.1" 200 66 "http://localhost:8000/home" "Mozilla/5.0 (Windows NT 10.0; Win64; x64) AppleWebKit/537.36 (KHTML, like Gecko) Chrome/83.0.4103.116 Safari/537.36"
::1 - - [20/Jul/2020:10:35:42 +0000] "GET / HTTP/1.1" 302 54 "-" "Mozilla/5.0 (Windows NT 10.0; Win64; x64) AppleWebKit/537.36 (KHTML, like Gecko) Chrome/83.0.4103.116 Safari/537.36"
::1 - - [20/Jul/2020:10:35:42 +0000] "GET /home HTTP/1.1" 200 4475 "-" "Mozilla/5.0 (Windows NT 10.0; Win64; x64) AppleWebKit/537.36 (KHTML, like Gecko) Chrome/83.0.4103.116 Safari/537.36"
::1 - - [20/Jul/2020:10:35:42 +0000] "GET /undefined HTTP/1.1" 404 148 "http://localhost:8000/home" "Mozilla/5.0 (Windows NT 10.0; Win64; x64) AppleWebKit/537.36 (KHTML, like Gecko) Chrome/83.0.4103.116 Safari/537.36"
::1 - - [20/Jul/2020:10:35:44 +0000] "GET /undefined HTTP/1.1" 404 148 "http://localhost:8000/home" "Mozilla/5.0 (Windows NT 10.0; Win64; x64) AppleWebKit/537.36 (KHTML, like Gecko) Chrome/83.0.4103.116 Safari/537.36"
::1 - - [20/Jul/2020:10:35:47 +0000] "POST /post/create HTTP/1.1" 200 348 "http://localhost:8000/home" "Mozilla/5.0 (Windows NT 10.0; Win64; x64) AppleWebKit/537.36 (KHTML, like Gecko) Chrome/83.0.4103.116 Safari/537.36"
::1 - - [20/Jul/2020:10:36:01 +0000] "GET /undefined HTTP/1.1" 404 148 "http://localhost:8000/home" "Mozilla/5.0 (Windows NT 10.0; Win64; x64) AppleWebKit/537.36 (KHTML, like Gecko) Chrome/83.0.4103.116 Safari/537.36"
::1 - - [20/Jul/2020:10:36:19 +0000] "GET /home HTTP/1.1" 200 5856 "-" "Mozilla/5.0 (Windows NT 10.0; Win64; x64) AppleWebKit/537.36 (KHTML, like Gecko) Chrome/83.0.4103.116 Safari/537.36"
::1 - - [20/Jul/2020:10:36:20 +0000] "GET /undefined HTTP/1.1" 404 148 "http://localhost:8000/home" "Mozilla/5.0 (Windows NT 10.0; Win64; x64) AppleWebKit/537.36 (KHTML, like Gecko) Chrome/83.0.4103.116 Safari/537.36"
::1 - - [20/Jul/2020:10:36:20 +0000] "GET /undefined HTTP/1.1" 404 148 "http://localhost:8000/home" "Mozilla/5.0 (Windows NT 10.0; Win64; x64) AppleWebKit/537.36 (KHTML, like Gecko) Chrome/83.0.4103.116 Safari/537.36"
::1 - - [20/Jul/2020:10:38:58 +0000] "GET /home HTTP/1.1" 304 - "-" "Mozilla/5.0 (Windows NT 10.0; Win64; x64) AppleWebKit/537.36 (KHTML, like Gecko) Chrome/83.0.4103.116 Safari/537.36"
::1 - - [20/Jul/2020:10:38:59 +0000] "GET /undefined HTTP/1.1" 404 148 "http://localhost:8000/home" "Mozilla/5.0 (Windows NT 10.0; Win64; x64) AppleWebKit/537.36 (KHTML, like Gecko) Chrome/83.0.4103.116 Safari/537.36"
::1 - - [20/Jul/2020:10:38:59 +0000] "GET /undefined HTTP/1.1" 404 148 "http://localhost:8000/home" "Mozilla/5.0 (Windows NT 10.0; Win64; x64) AppleWebKit/537.36 (KHTML, like Gecko) Chrome/83.0.4103.116 Safari/537.36"
::1 - - [20/Jul/2020:10:39:09 +0000] "POST /post/create HTTP/1.1" 200 350 "http://localhost:8000/home" "Mozilla/5.0 (Windows NT 10.0; Win64; x64) AppleWebKit/537.36 (KHTML, like Gecko) Chrome/83.0.4103.116 Safari/537.36"
::1 - - [20/Jul/2020:10:39:34 +0000] "GET /home HTTP/1.1" 200 7239 "-" "Mozilla/5.0 (Windows NT 10.0; Win64; x64) AppleWebKit/537.36 (KHTML, like Gecko) Chrome/83.0.4103.116 Safari/537.36"
::1 - - [20/Jul/2020:10:39:34 +0000] "GET /undefined HTTP/1.1" 404 148 "http://localhost:8000/home" "Mozilla/5.0 (Windows NT 10.0; Win64; x64) AppleWebKit/537.36 (KHTML, like Gecko) Chrome/83.0.4103.116 Safari/537.36"
::1 - - [20/Jul/2020:10:39:34 +0000] "GET /undefined HTTP/1.1" 404 148 "http://localhost:8000/home" "Mozilla/5.0 (Windows NT 10.0; Win64; x64) AppleWebKit/537.36 (KHTML, like Gecko) Chrome/83.0.4103.116 Safari/537.36"
::1 - - [20/Jul/2020:10:39:40 +0000] "GET /home HTTP/1.1" 304 - "-" "Mozilla/5.0 (Windows NT 10.0; Win64; x64) AppleWebKit/537.36 (KHTML, like Gecko) Chrome/83.0.4103.116 Safari/537.36"
::1 - - [20/Jul/2020:10:39:40 +0000] "GET /undefined HTTP/1.1" 404 148 "http://localhost:8000/home" "Mozilla/5.0 (Windows NT 10.0; Win64; x64) AppleWebKit/537.36 (KHTML, like Gecko) Chrome/83.0.4103.116 Safari/537.36"
::1 - - [20/Jul/2020:10:39:40 +0000] "GET /undefined HTTP/1.1" 404 148 "http://localhost:8000/home" "Mozilla/5.0 (Windows NT 10.0; Win64; x64) AppleWebKit/537.36 (KHTML, like Gecko) Chrome/83.0.4103.116 Safari/537.36"
::1 - - [20/Jul/2020:10:39:44 +0000] "GET /home HTTP/1.1" 304 - "-" "Mozilla/5.0 (Windows NT 10.0; Win64; x64) AppleWebKit/537.36 (KHTML, like Gecko) Chrome/83.0.4103.116 Safari/537.36"
::1 - - [20/Jul/2020:10:39:44 +0000] "GET /undefined HTTP/1.1" 404 148 "http://localhost:8000/home" "Mozilla/5.0 (Windows NT 10.0; Win64; x64) AppleWebKit/537.36 (KHTML, like Gecko) Chrome/83.0.4103.116 Safari/537.36"
::1 - - [20/Jul/2020:10:39:45 +0000] "GET /undefined HTTP/1.1" 404 148 "http://localhost:8000/home" "Mozilla/5.0 (Windows NT 10.0; Win64; x64) AppleWebKit/537.36 (KHTML, like Gecko) Chrome/83.0.4103.116 Safari/537.36"
::1 - - [20/Jul/2020:10:39:49 +0000] "GET /home HTTP/1.1" 304 - "-" "Mozilla/5.0 (Windows NT 10.0; Win64; x64) AppleWebKit/537.36 (KHTML, like Gecko) Chrome/83.0.4103.116 Safari/537.36"
::1 - - [20/Jul/2020:10:39:49 +0000] "GET /undefined HTTP/1.1" 404 148 "http://localhost:8000/home" "Mozilla/5.0 (Windows NT 10.0; Win64; x64) AppleWebKit/537.36 (KHTML, like Gecko) Chrome/83.0.4103.116 Safari/537.36"
::1 - - [20/Jul/2020:10:39:50 +0000] "GET /undefined HTTP/1.1" 404 148 "http://localhost:8000/home" "Mozilla/5.0 (Windows NT 10.0; Win64; x64) AppleWebKit/537.36 (KHTML, like Gecko) Chrome/83.0.4103.116 Safari/537.36"
::1 - - [20/Jul/2020:10:40:35 +0000] "GET /post/delete/5f15744de60c58ab8872ec2b HTTP/1.1" 200 66 "http://localhost:8000/home" "Mozilla/5.0 (Windows NT 10.0; Win64; x64) AppleWebKit/537.36 (KHTML, like Gecko) Chrome/83.0.4103.116 Safari/537.36"
::1 - - [20/Jul/2020:10:40:35 +0000] "GET /post/delete/5f157383e60c58ab8872ec2a HTTP/1.1" 200 66 "http://localhost:8000/home" "Mozilla/5.0 (Windows NT 10.0; Win64; x64) AppleWebKit/537.36 (KHTML, like Gecko) Chrome/83.0.4103.116 Safari/537.36"
::1 - - [20/Jul/2020:10:40:52 +0000] "GET / HTTP/1.1" 302 54 "-" "Mozilla/5.0 (Windows NT 10.0; Win64; x64) AppleWebKit/537.36 (KHTML, like Gecko) Chrome/83.0.4103.116 Safari/537.36"
::1 - - [20/Jul/2020:10:40:52 +0000] "GET /home HTTP/1.1" 200 4475 "-" "Mozilla/5.0 (Windows NT 10.0; Win64; x64) AppleWebKit/537.36 (KHTML, like Gecko) Chrome/83.0.4103.116 Safari/537.36"
::1 - - [20/Jul/2020:10:40:52 +0000] "GET /undefined HTTP/1.1" 404 148 "http://localhost:8000/home" "Mozilla/5.0 (Windows NT 10.0; Win64; x64) AppleWebKit/537.36 (KHTML, like Gecko) Chrome/83.0.4103.116 Safari/537.36"
::1 - - [20/Jul/2020:10:40:56 +0000] "GET /undefined HTTP/1.1" 404 148 "http://localhost:8000/home" "Mozilla/5.0 (Windows NT 10.0; Win64; x64) AppleWebKit/537.36 (KHTML, like Gecko) Chrome/83.0.4103.116 Safari/537.36"
::1 - - [20/Jul/2020:10:41:06 +0000] "POST /post/create HTTP/1.1" 200 349 "http://localhost:8000/home" "Mozilla/5.0 (Windows NT 10.0; Win64; x64) AppleWebKit/537.36 (KHTML, like Gecko) Chrome/83.0.4103.116 Safari/537.36"
::1 - - [20/Jul/2020:10:41:10 +0000] "GET /home HTTP/1.1" 200 5857 "-" "Mozilla/5.0 (Windows NT 10.0; Win64; x64) AppleWebKit/537.36 (KHTML, like Gecko) Chrome/83.0.4103.116 Safari/537.36"
::1 - - [20/Jul/2020:10:41:10 +0000] "GET /undefined HTTP/1.1" 404 148 "http://localhost:8000/home" "Mozilla/5.0 (Windows NT 10.0; Win64; x64) AppleWebKit/537.36 (KHTML, like Gecko) Chrome/83.0.4103.116 Safari/537.36"
::1 - - [20/Jul/2020:10:41:11 +0000] "GET /undefined HTTP/1.1" 404 148 "http://localhost:8000/home" "Mozilla/5.0 (Windows NT 10.0; Win64; x64) AppleWebKit/537.36 (KHTML, like Gecko) Chrome/83.0.4103.116 Safari/537.36"
[0mGET / [32m200[0m 134.894 ms - 4505[0m
[0mGET /css/layout.css [33m404[0m 12.641 ms - 153[0m
[0mGET /css/layout.css [33m404[0m 0.620 ms - 153[0m
::1 - - [20/Jul/2020:10:50:19 +0000] "GET / HTTP/1.1" 200 4577 "-" "Mozilla/5.0 (Windows NT 10.0; Win64; x64) AppleWebKit/537.36 (KHTML, like Gecko) Chrome/83.0.4103.116 Safari/537.36"
::1 - - [20/Jul/2020:10:50:19 +0000] "GET /undefined HTTP/1.1" 404 148 "http://localhost:8000/" "Mozilla/5.0 (Windows NT 10.0; Win64; x64) AppleWebKit/537.36 (KHTML, like Gecko) Chrome/83.0.4103.116 Safari/537.36"
::1 - - [20/Jul/2020:10:50:19 +0000] "GET /images/sign-up-pic.png HTTP/1.1" 404 161 "http://localhost:8000/" "Mozilla/5.0 (Windows NT 10.0; Win64; x64) AppleWebKit/537.36 (KHTML, like Gecko) Chrome/83.0.4103.116 Safari/537.36"
::1 - - [20/Jul/2020:10:50:22 +0000] "GET /undefined HTTP/1.1" 404 148 "http://localhost:8000/" "Mozilla/5.0 (Windows NT 10.0; Win64; x64) AppleWebKit/537.36 (KHTML, like Gecko) Chrome/83.0.4103.116 Safari/537.36"
::1 - - [20/Jul/2020:10:50:24 +0000] "GET /sign-in HTTP/1.1" 304 - "http://localhost:8000/" "Mozilla/5.0 (Windows NT 10.0; Win64; x64) AppleWebKit/537.36 (KHTML, like Gecko) Chrome/83.0.4103.116 Safari/537.36"
::1 - - [20/Jul/2020:10:50:24 +0000] "GET /undefined HTTP/1.1" 404 148 "http://localhost:8000/sign-in" "Mozilla/5.0 (Windows NT 10.0; Win64; x64) AppleWebKit/537.36 (KHTML, like Gecko) Chrome/83.0.4103.116 Safari/537.36"
::1 - - [20/Jul/2020:10:50:25 +0000] "POST /users/create_session HTTP/1.1" 302 54 "http://localhost:8000/sign-in" "Mozilla/5.0 (Windows NT 10.0; Win64; x64) AppleWebKit/537.36 (KHTML, like Gecko) Chrome/83.0.4103.116 Safari/537.36"
::1 - - [20/Jul/2020:10:50:25 +0000] "GET /home HTTP/1.1" 200 6109 "http://localhost:8000/sign-in" "Mozilla/5.0 (Windows NT 10.0; Win64; x64) AppleWebKit/537.36 (KHTML, like Gecko) Chrome/83.0.4103.116 Safari/537.36"
::1 - - [20/Jul/2020:10:50:25 +0000] "GET /undefined HTTP/1.1" 404 148 "http://localhost:8000/home" "Mozilla/5.0 (Windows NT 10.0; Win64; x64) AppleWebKit/537.36 (KHTML, like Gecko) Chrome/83.0.4103.116 Safari/537.36"
::1 - - [20/Jul/2020:10:50:32 +0000] "GET /post/delete/5f1574c2efb2007ad4bd8b9d HTTP/1.1" 200 66 "http://localhost:8000/home" "Mozilla/5.0 (Windows NT 10.0; Win64; x64) AppleWebKit/537.36 (KHTML, like Gecko) Chrome/83.0.4103.116 Safari/537.36"
::1 - - [20/Jul/2020:10:50:36 +0000] "GET /undefined HTTP/1.1" 404 148 "http://localhost:8000/home" "Mozilla/5.0 (Windows NT 10.0; Win64; x64) AppleWebKit/537.36 (KHTML, like Gecko) Chrome/83.0.4103.116 Safari/537.36"
::1 - - [20/Jul/2020:10:50:42 +0000] "GET /home HTTP/1.1" 200 4475 "http://localhost:8000/sign-in" "Mozilla/5.0 (Windows NT 10.0; Win64; x64) AppleWebKit/537.36 (KHTML, like Gecko) Chrome/83.0.4103.116 Safari/537.36"
::1 - - [20/Jul/2020:10:50:42 +0000] "GET /undefined HTTP/1.1" 404 148 "http://localhost:8000/home" "Mozilla/5.0 (Windows NT 10.0; Win64; x64) AppleWebKit/537.36 (KHTML, like Gecko) Chrome/83.0.4103.116 Safari/537.36"
::1 - - [20/Jul/2020:10:50:58 +0000] "GET /undefined HTTP/1.1" 404 148 "-" "Mozilla/5.0 (Windows NT 10.0; Win64; x64) AppleWebKit/537.36 (KHTML, like Gecko) Chrome/83.0.4103.116 Safari/537.36"
::1 - - [20/Jul/2020:10:53:25 +0000] "GET /home HTTP/1.1" 200 4429 "http://localhost:8000/sign-in" "Mozilla/5.0 (Windows NT 10.0; Win64; x64) AppleWebKit/537.36 (KHTML, like Gecko) Chrome/83.0.4103.116 Safari/537.36"
::1 - - [20/Jul/2020:10:53:25 +0000] "GET /undefined HTTP/1.1" 404 148 "http://localhost:8000/home" "Mozilla/5.0 (Windows NT 10.0; Win64; x64) AppleWebKit/537.36 (KHTML, like Gecko) Chrome/83.0.4103.116 Safari/537.36"
::1 - - [20/Jul/2020:10:53:26 +0000] "GET /undefined HTTP/1.1" 404 148 "http://localhost:8000/home" "Mozilla/5.0 (Windows NT 10.0; Win64; x64) AppleWebKit/537.36 (KHTML, like Gecko) Chrome/83.0.4103.116 Safari/537.36"
::1 - - [20/Jul/2020:10:56:17 +0000] "GET /home HTTP/1.1" 200 4171 "http://localhost:8000/sign-in" "Mozilla/5.0 (Windows NT 10.0; Win64; x64) AppleWebKit/537.36 (KHTML, like Gecko) Chrome/83.0.4103.116 Safari/537.36"
::1 - - [20/Jul/2020:10:57:31 +0000] "GET /home HTTP/1.1" 304 - "http://localhost:8000/sign-in" "Mozilla/5.0 (Windows NT 10.0; Win64; x64) AppleWebKit/537.36 (KHTML, like Gecko) Chrome/83.0.4103.116 Safari/537.36"
::1 - - [20/Jul/2020:10:57:40 +0000] "POST /post/create HTTP/1.1" 200 348 "http://localhost:8000/home" "Mozilla/5.0 (Windows NT 10.0; Win64; x64) AppleWebKit/537.36 (KHTML, like Gecko) Chrome/83.0.4103.116 Safari/537.36"
::1 - - [20/Jul/2020:10:58:47 +0000] "GET /home HTTP/1.1" 200 5620 "http://localhost:8000/sign-in" "Mozilla/5.0 (Windows NT 10.0; Win64; x64) AppleWebKit/537.36 (KHTML, like Gecko) Chrome/83.0.4103.116 Safari/537.36"
::1 - - [20/Jul/2020:10:59:22 +0000] "GET / HTTP/1.1" 302 54 "-" "Mozilla/5.0 (Windows NT 10.0; Win64; x64) AppleWebKit/537.36 (KHTML, like Gecko) Chrome/83.0.4103.116 Safari/537.36"
::1 - - [20/Jul/2020:10:59:22 +0000] "GET /home HTTP/1.1" 304 - "-" "Mozilla/5.0 (Windows NT 10.0; Win64; x64) AppleWebKit/537.36 (KHTML, like Gecko) Chrome/83.0.4103.116 Safari/537.36"
::1 - - [20/Jul/2020:10:59:28 +0000] "GET /sign-out HTTP/1.1" 302 46 "http://localhost:8000/home" "Mozilla/5.0 (Windows NT 10.0; Win64; x64) AppleWebKit/537.36 (KHTML, like Gecko) Chrome/83.0.4103.116 Safari/537.36"
::1 - - [20/Jul/2020:10:59:28 +0000] "GET / HTTP/1.1" 200 4526 "http://localhost:8000/home" "Mozilla/5.0 (Windows NT 10.0; Win64; x64) AppleWebKit/537.36 (KHTML, like Gecko) Chrome/83.0.4103.116 Safari/537.36"
::1 - - [20/Jul/2020:10:59:28 +0000] "GET /images/sign-up-pic.png HTTP/1.1" 404 161 "http://localhost:8000/" "Mozilla/5.0 (Windows NT 10.0; Win64; x64) AppleWebKit/537.36 (KHTML, like Gecko) Chrome/83.0.4103.116 Safari/537.36"
::1 - - [20/Jul/2020:10:59:31 +0000] "GET /sign-in HTTP/1.1" 200 3550 "http://localhost:8000/" "Mozilla/5.0 (Windows NT 10.0; Win64; x64) AppleWebKit/537.36 (KHTML, like Gecko) Chrome/83.0.4103.116 Safari/537.36"
::1 - - [20/Jul/2020:10:59:34 +0000] "POST /users/create_session HTTP/1.1" 302 54 "http://localhost:8000/sign-in" "Mozilla/5.0 (Windows NT 10.0; Win64; x64) AppleWebKit/537.36 (KHTML, like Gecko) Chrome/83.0.4103.116 Safari/537.36"
::1 - - [20/Jul/2020:10:59:34 +0000] "GET /home HTTP/1.1" 200 5872 "http://localhost:8000/sign-in" "Mozilla/5.0 (Windows NT 10.0; Win64; x64) AppleWebKit/537.36 (KHTML, like Gecko) Chrome/83.0.4103.116 Safari/537.36"
::1 - - [20/Jul/2020:10:59:41 +0000] "GET /post/delete/5f1578a4be26dabd24b4ee2a HTTP/1.1" 200 66 "http://localhost:8000/home" "Mozilla/5.0 (Windows NT 10.0; Win64; x64) AppleWebKit/537.36 (KHTML, like Gecko) Chrome/83.0.4103.116 Safari/537.36"
::1 - - [20/Jul/2020:10:59:45 +0000] "POST /post/create HTTP/1.1" 200 350 "http://localhost:8000/home" "Mozilla/5.0 (Windows NT 10.0; Win64; x64) AppleWebKit/537.36 (KHTML, like Gecko) Chrome/83.0.4103.116 Safari/537.36"
::1 - - [20/Jul/2020:11:00:20 +0000] "GET /post/delete/5f1579219c76abcc3473eb3f HTTP/1.1" 200 66 "http://localhost:8000/home" "Mozilla/5.0 (Windows NT 10.0; Win64; x64) AppleWebKit/537.36 (KHTML, like Gecko) Chrome/83.0.4103.116 Safari/537.36"
::1 - - [20/Jul/2020:11:00:41 +0000] "GET / HTTP/1.1" 302 54 "-" "Mozilla/5.0 (Windows NT 10.0; Win64; x64) AppleWebKit/537.36 (KHTML, like Gecko) Chrome/83.0.4103.116 Safari/537.36"
::1 - - [20/Jul/2020:11:00:41 +0000] "GET /home HTTP/1.1" 200 4230 "-" "Mozilla/5.0 (Windows NT 10.0; Win64; x64) AppleWebKit/537.36 (KHTML, like Gecko) Chrome/83.0.4103.116 Safari/537.36"
::1 - - [20/Jul/2020:11:00:46 +0000] "POST /post/create HTTP/1.1" 200 348 "http://localhost:8000/home" "Mozilla/5.0 (Windows NT 10.0; Win64; x64) AppleWebKit/537.36 (KHTML, like Gecko) Chrome/83.0.4103.116 Safari/537.36"
::1 - - [20/Jul/2020:11:01:07 +0000] "GET /post/delete/5f15795e3c500ca020ef1e80 HTTP/1.1" 200 66 "http://localhost:8000/home" "Mozilla/5.0 (Windows NT 10.0; Win64; x64) AppleWebKit/537.36 (KHTML, like Gecko) Chrome/83.0.4103.116 Safari/537.36"
::1 - - [20/Jul/2020:11:02:08 +0000] "GET / HTTP/1.1" 302 54 "-" "Mozilla/5.0 (Windows NT 10.0; Win64; x64) AppleWebKit/537.36 (KHTML, like Gecko) Chrome/83.0.4103.116 Safari/537.36"
::1 - - [20/Jul/2020:11:02:08 +0000] "GET /home HTTP/1.1" 304 - "-" "Mozilla/5.0 (Windows NT 10.0; Win64; x64) AppleWebKit/537.36 (KHTML, like Gecko) Chrome/83.0.4103.116 Safari/537.36"
::1 - - [20/Jul/2020:11:02:12 +0000] "POST /post/create HTTP/1.1" 200 349 "http://localhost:8000/home" "Mozilla/5.0 (Windows NT 10.0; Win64; x64) AppleWebKit/537.36 (KHTML, like Gecko) Chrome/83.0.4103.116 Safari/537.36"
::1 - - [20/Jul/2020:11:02:14 +0000] "POST /comment/create HTTP/1.1" 302 96 "http://localhost:8000/home" "Mozilla/5.0 (Windows NT 10.0; Win64; x64) AppleWebKit/537.36 (KHTML, like Gecko) Chrome/83.0.4103.116 Safari/537.36"
::1 - - [20/Jul/2020:11:02:14 +0000] "GET /home HTTP/1.1" 200 6676 "http://localhost:8000/home" "Mozilla/5.0 (Windows NT 10.0; Win64; x64) AppleWebKit/537.36 (KHTML, like Gecko) Chrome/83.0.4103.116 Safari/537.36"
::1 - - [20/Jul/2020:11:08:45 +0000] "GET / HTTP/1.1" 302 54 "-" "Mozilla/5.0 (Windows NT 10.0; Win64; x64) AppleWebKit/537.36 (KHTML, like Gecko) Chrome/83.0.4103.116 Safari/537.36"
::1 - - [20/Jul/2020:11:08:45 +0000] "GET /home HTTP/1.1" 200 6350 "-" "Mozilla/5.0 (Windows NT 10.0; Win64; x64) AppleWebKit/537.36 (KHTML, like Gecko) Chrome/83.0.4103.116 Safari/537.36"
::1 - - [20/Jul/2020:11:08:49 +0000] "GET /post/delete/5f1579b4739d77c3fc7effb8 HTTP/1.1" 200 66 "http://localhost:8000/home" "Mozilla/5.0 (Windows NT 10.0; Win64; x64) AppleWebKit/537.36 (KHTML, like Gecko) Chrome/83.0.4103.116 Safari/537.36"
::1 - - [20/Jul/2020:11:40:10 +0000] "GET / HTTP/1.1" 302 54 "-" "Mozilla/5.0 (Windows NT 10.0; Win64; x64) AppleWebKit/537.36 (KHTML, like Gecko) Chrome/83.0.4103.116 Safari/537.36"
::1 - - [20/Jul/2020:11:40:10 +0000] "GET /home HTTP/1.1" 200 4292 "-" "Mozilla/5.0 (Windows NT 10.0; Win64; x64) AppleWebKit/537.36 (KHTML, like Gecko) Chrome/83.0.4103.116 Safari/537.36"
::1 - - [20/Jul/2020:11:40:13 +0000] "POST /post/create HTTP/1.1" 200 349 "http://localhost:8000/home" "Mozilla/5.0 (Windows NT 10.0; Win64; x64) AppleWebKit/537.36 (KHTML, like Gecko) Chrome/83.0.4103.116 Safari/537.36"
::1 - - [20/Jul/2020:11:40:19 +0000] "POST /comment/create HTTP/1.1" 302 96 "http://localhost:8000/home" "Mozilla/5.0 (Windows NT 10.0; Win64; x64) AppleWebKit/537.36 (KHTML, like Gecko) Chrome/83.0.4103.116 Safari/537.36"
::1 - - [20/Jul/2020:11:40:19 +0000] "GET /home HTTP/1.1" 200 6604 "http://localhost:8000/home" "Mozilla/5.0 (Windows NT 10.0; Win64; x64) AppleWebKit/537.36 (KHTML, like Gecko) Chrome/83.0.4103.116 Safari/537.36"
::1 - - [20/Jul/2020:11:40:21 +0000] "GET /comment/delete/5f1582a373ec206ab088c76b HTTP/1.1" 200 69 "http://localhost:8000/home" "Mozilla/5.0 (Windows NT 10.0; Win64; x64) AppleWebKit/537.36 (KHTML, like Gecko) Chrome/83.0.4103.116 Safari/537.36"
::1 - - [20/Jul/2020:11:40:23 +0000] "GET /post/delete/5f15829d73ec206ab088c76a HTTP/1.1" 200 66 "http://localhost:8000/home" "Mozilla/5.0 (Windows NT 10.0; Win64; x64) AppleWebKit/537.36 (KHTML, like Gecko) Chrome/83.0.4103.116 Safari/537.36"
::1 - - [21/Jul/2020:02:51:21 +0000] "GET / HTTP/1.1" 200 4273 "-" "Mozilla/5.0 (Windows NT 10.0; Win64; x64) AppleWebKit/537.36 (KHTML, like Gecko) Chrome/83.0.4103.116 Safari/537.36"
::1 - - [21/Jul/2020:02:51:21 +0000] "GET /images/sign-up-pic.png HTTP/1.1" 404 161 "http://localhost:8000/" "Mozilla/5.0 (Windows NT 10.0; Win64; x64) AppleWebKit/537.36 (KHTML, like Gecko) Chrome/83.0.4103.116 Safari/537.36"
::1 - - [21/Jul/2020:02:51:40 +0000] "GET /sign-in HTTP/1.1" 304 - "http://localhost:8000/" "Mozilla/5.0 (Windows NT 10.0; Win64; x64) AppleWebKit/537.36 (KHTML, like Gecko) Chrome/83.0.4103.116 Safari/537.36"
::1 - - [21/Jul/2020:02:51:43 +0000] "POST /users/create_session HTTP/1.1" 302 54 "http://localhost:8000/sign-in" "Mozilla/5.0 (Windows NT 10.0; Win64; x64) AppleWebKit/537.36 (KHTML, like Gecko) Chrome/83.0.4103.116 Safari/537.36"
::1 - - [21/Jul/2020:02:51:43 +0000] "GET /home HTTP/1.1" 200 4544 "http://localhost:8000/sign-in" "Mozilla/5.0 (Windows NT 10.0; Win64; x64) AppleWebKit/537.36 (KHTML, like Gecko) Chrome/83.0.4103.116 Safari/537.36"
::1 - - [21/Jul/2020:02:51:49 +0000] "POST /post/create HTTP/1.1" 200 349 "http://localhost:8000/home" "Mozilla/5.0 (Windows NT 10.0; Win64; x64) AppleWebKit/537.36 (KHTML, like Gecko) Chrome/83.0.4103.116 Safari/537.36"
::1 - - [21/Jul/2020:02:54:50 +0000] "GET /post/delete/5f1658459a5888d26c7ebf65 HTTP/1.1" 200 66 "http://localhost:8000/home" "Mozilla/5.0 (Windows NT 10.0; Win64; x64) AppleWebKit/537.36 (KHTML, like Gecko) Chrome/83.0.4103.116 Safari/537.36"
::1 - - [21/Jul/2020:02:54:57 +0000] "POST /post/create HTTP/1.1" 200 349 "http://localhost:8000/home" "Mozilla/5.0 (Windows NT 10.0; Win64; x64) AppleWebKit/537.36 (KHTML, like Gecko) Chrome/83.0.4103.116 Safari/537.36"
::1 - - [21/Jul/2020:02:54:59 +0000] "GET /post/delete/5f1659019a5888d26c7ebf66 HTTP/1.1" 200 66 "http://localhost:8000/home" "Mozilla/5.0 (Windows NT 10.0; Win64; x64) AppleWebKit/537.36 (KHTML, like Gecko) Chrome/83.0.4103.116 Safari/537.36"
::1 - - [21/Jul/2020:02:55:06 +0000] "POST /post/create HTTP/1.1" 200 348 "http://localhost:8000/home" "Mozilla/5.0 (Windows NT 10.0; Win64; x64) AppleWebKit/537.36 (KHTML, like Gecko) Chrome/83.0.4103.116 Safari/537.36"
::1 - - [21/Jul/2020:02:55:07 +0000] "GET /post/delete/5f16590a9a5888d26c7ebf67 HTTP/1.1" 200 66 "http://localhost:8000/home" "Mozilla/5.0 (Windows NT 10.0; Win64; x64) AppleWebKit/537.36 (KHTML, like Gecko) Chrome/83.0.4103.116 Safari/537.36"
::1 - - [21/Jul/2020:02:55:08 +0000] "GET /users/profile/5f153d186f5f72c7fc4f9a4f HTTP/1.1" 200 8601 "http://localhost:8000/home" "Mozilla/5.0 (Windows NT 10.0; Win64; x64) AppleWebKit/537.36 (KHTML, like Gecko) Chrome/83.0.4103.116 Safari/537.36"
::1 - - [21/Jul/2020:02:58:38 +0000] "GET /home HTTP/1.1" 200 4292 "http://localhost:8000/users/profile/5f153d186f5f72c7fc4f9a4f" "Mozilla/5.0 (Windows NT 10.0; Win64; x64) AppleWebKit/537.36 (KHTML, like Gecko) Chrome/83.0.4103.116 Safari/537.36"
::1 - - [21/Jul/2020:02:59:27 +0000] "GET /users/profile/5f153d186f5f72c7fc4f9a4f HTTP/1.1" 304 - "http://localhost:8000/home" "Mozilla/5.0 (Linux; Android 6.0.1; Moto G (4)) AppleWebKit/537.36 (KHTML, like Gecko) Chrome/83.0.4103.116 Mobile Safari/537.36"
::1 - - [21/Jul/2020:02:59:48 +0000] "GET /users/profile/5f153d186f5f72c7fc4f9a4f HTTP/1.1" 304 - "http://localhost:8000/home" "Mozilla/5.0 (Windows NT 10.0; Win64; x64) AppleWebKit/537.36 (KHTML, like Gecko) Chrome/83.0.4103.116 Safari/537.36"
::1 - - [21/Jul/2020:16:55:42 +0000] "GET / HTTP/1.1" 304 - "-" "Mozilla/5.0 (Windows NT 10.0; Win64; x64) AppleWebKit/537.36 (KHTML, like Gecko) Chrome/83.0.4103.116 Safari/537.36"
::1 - - [21/Jul/2020:16:55:43 +0000] "GET /images/sign-up-pic.png HTTP/1.1" 404 161 "http://localhost:8000/" "Mozilla/5.0 (Windows NT 10.0; Win64; x64) AppleWebKit/537.36 (KHTML, like Gecko) Chrome/83.0.4103.116 Safari/537.36"
::1 - - [21/Jul/2020:16:55:48 +0000] "GET /sign-in HTTP/1.1" 304 - "http://localhost:8000/" "Mozilla/5.0 (Windows NT 10.0; Win64; x64) AppleWebKit/537.36 (KHTML, like Gecko) Chrome/83.0.4103.116 Safari/537.36"
::1 - - [21/Jul/2020:16:55:50 +0000] "POST /users/create_session HTTP/1.1" 302 54 "http://localhost:8000/sign-in" "Mozilla/5.0 (Windows NT 10.0; Win64; x64) AppleWebKit/537.36 (KHTML, like Gecko) Chrome/83.0.4103.116 Safari/537.36"
::1 - - [21/Jul/2020:16:55:50 +0000] "GET /home HTTP/1.1" 200 4544 "http://localhost:8000/sign-in" "Mozilla/5.0 (Windows NT 10.0; Win64; x64) AppleWebKit/537.36 (KHTML, like Gecko) Chrome/83.0.4103.116 Safari/537.36"
::1 - - [21/Jul/2020:16:56:47 +0000] "POST /post/create HTTP/1.1" 200 348 "http://localhost:8000/home" "Mozilla/5.0 (Windows NT 10.0; Win64; x64) AppleWebKit/537.36 (KHTML, like Gecko) Chrome/83.0.4103.116 Safari/537.36"
::1 - - [21/Jul/2020:16:56:50 +0000] "POST /comment/create HTTP/1.1" 302 96 "http://localhost:8000/home" "Mozilla/5.0 (Windows NT 10.0; Win64; x64) AppleWebKit/537.36 (KHTML, like Gecko) Chrome/83.0.4103.116 Safari/537.36"
::1 - - [21/Jul/2020:16:56:50 +0000] "GET /home HTTP/1.1" 200 5869 "http://localhost:8000/home" "Mozilla/5.0 (Windows NT 10.0; Win64; x64) AppleWebKit/537.36 (KHTML, like Gecko) Chrome/83.0.4103.116 Safari/537.36"
::1 - - [21/Jul/2020:16:56:57 +0000] "GET /home HTTP/1.1" 200 6349 "http://localhost:8000/home" "Mozilla/5.0 (Windows NT 10.0; Win64; x64) AppleWebKit/537.36 (KHTML, like Gecko) Chrome/83.0.4103.116 Safari/537.36"
::1 - - [21/Jul/2020:16:57:59 +0000] "POST /comment/create HTTP/1.1" 200 377 "http://localhost:8000/home" "Mozilla/5.0 (Windows NT 10.0; Win64; x64) AppleWebKit/537.36 (KHTML, like Gecko) Chrome/83.0.4103.116 Safari/537.36"
::1 - - [21/Jul/2020:16:58:05 +0000] "GET /comment/delete/5f171e97a587d5c210b741bf HTTP/1.1" 200 69 "http://localhost:8000/home" "Mozilla/5.0 (Windows NT 10.0; Win64; x64) AppleWebKit/537.36 (KHTML, like Gecko) Chrome/83.0.4103.116 Safari/537.36"
::1 - - [21/Jul/2020:16:58:06 +0000] "GET /comment/delete/5f171e52a587d5c210b741bd HTTP/1.1" 200 69 "http://localhost:8000/home" "Mozilla/5.0 (Windows NT 10.0; Win64; x64) AppleWebKit/537.36 (KHTML, like Gecko) Chrome/83.0.4103.116 Safari/537.36"
::1 - - [21/Jul/2020:16:58:11 +0000] "POST /comment/create HTTP/1.1" 200 374 "http://localhost:8000/home" "Mozilla/5.0 (Windows NT 10.0; Win64; x64) AppleWebKit/537.36 (KHTML, like Gecko) Chrome/83.0.4103.116 Safari/537.36"
::1 - - [21/Jul/2020:16:58:14 +0000] "POST /post/create HTTP/1.1" 200 349 "http://localhost:8000/home" "Mozilla/5.0 (Windows NT 10.0; Win64; x64) AppleWebKit/537.36 (KHTML, like Gecko) Chrome/83.0.4103.116 Safari/537.36"
::1 - - [21/Jul/2020:16:58:22 +0000] "GET /post/delete/5f171e4fa587d5c210b741bc HTTP/1.1" 200 66 "http://localhost:8000/home" "Mozilla/5.0 (Windows NT 10.0; Win64; x64) AppleWebKit/537.36 (KHTML, like Gecko) Chrome/83.0.4103.116 Safari/537.36"
::1 - - [21/Jul/2020:16:58:29 +0000] "POST /post/create HTTP/1.1" 200 352 "http://localhost:8000/home" "Mozilla/5.0 (Windows NT 10.0; Win64; x64) AppleWebKit/537.36 (KHTML, like Gecko) Chrome/83.0.4103.116 Safari/537.36"
::1 - - [21/Jul/2020:16:58:35 +0000] "POST /comment/create HTTP/1.1" 302 96 "http://localhost:8000/home" "Mozilla/5.0 (Windows NT 10.0; Win64; x64) AppleWebKit/537.36 (KHTML, like Gecko) Chrome/83.0.4103.116 Safari/537.36"
::1 - - [21/Jul/2020:16:58:35 +0000] "GET /home HTTP/1.1" 200 7934 "http://localhost:8000/home" "Mozilla/5.0 (Windows NT 10.0; Win64; x64) AppleWebKit/537.36 (KHTML, like Gecko) Chrome/83.0.4103.116 Safari/537.36"
::1 - - [21/Jul/2020:16:58:45 +0000] "GET /post/delete/5f171ea6a587d5c210b741c2 HTTP/1.1" 200 66 "http://localhost:8000/home" "Mozilla/5.0 (Windows NT 10.0; Win64; x64) AppleWebKit/537.36 (KHTML, like Gecko) Chrome/83.0.4103.116 Safari/537.36"
::1 - - [21/Jul/2020:16:58:47 +0000] "GET /post/delete/5f171eb5a587d5c210b741c3 HTTP/1.1" 200 66 "http://localhost:8000/home" "Mozilla/5.0 (Windows NT 10.0; Win64; x64) AppleWebKit/537.36 (KHTML, like Gecko) Chrome/83.0.4103.116 Safari/537.36"
::1 - - [21/Jul/2020:16:58:54 +0000] "POST /post/create HTTP/1.1" 200 355 "http://localhost:8000/home" "Mozilla/5.0 (Windows NT 10.0; Win64; x64) AppleWebKit/537.36 (KHTML, like Gecko) Chrome/83.0.4103.116 Safari/537.36"
::1 - - [21/Jul/2020:16:58:56 +0000] "GET /home HTTP/1.1" 200 5623 "http://localhost:8000/home" "Mozilla/5.0 (Windows NT 10.0; Win64; x64) AppleWebKit/537.36 (KHTML, like Gecko) Chrome/83.0.4103.116 Safari/537.36"
::1 - - [21/Jul/2020:16:59:04 +0000] "GET /home HTTP/1.1" 304 - "http://localhost:8000/home" "Mozilla/5.0 (Windows NT 10.0; Win64; x64) AppleWebKit/537.36 (KHTML, like Gecko) Chrome/83.0.4103.116 Safari/537.36"
::1 - - [21/Jul/2020:16:59:11 +0000] "POST /comment/create HTTP/1.1" 200 384 "http://localhost:8000/home" "Mozilla/5.0 (Windows NT 10.0; Win64; x64) AppleWebKit/537.36 (KHTML, like Gecko) Chrome/83.0.4103.116 Safari/537.36"
::1 - - [21/Jul/2020:17:01:32 +0000] "POST /post/create HTTP/1.1" 200 357 "http://localhost:8000/home" "Mozilla/5.0 (Windows NT 10.0; Win64; x64) AppleWebKit/537.36 (KHTML, like Gecko) Chrome/83.0.4103.116 Safari/537.36"
::1 - - [21/Jul/2020:17:03:06 +0000] "POST /comment/create HTTP/1.1" 302 96 "http://localhost:8000/home" "Mozilla/5.0 (Windows NT 10.0; Win64; x64) AppleWebKit/537.36 (KHTML, like Gecko) Chrome/83.0.4103.116 Safari/537.36"
::1 - - [21/Jul/2020:17:03:06 +0000] "GET /home HTTP/1.1" 200 8688 "http://localhost:8000/home" "Mozilla/5.0 (Windows NT 10.0; Win64; x64) AppleWebKit/537.36 (KHTML, like Gecko) Chrome/83.0.4103.116 Safari/537.36"
::1 - - [21/Jul/2020:17:03:26 +0000] "POST /post/create HTTP/1.1" 200 357 "http://localhost:8000/home" "Mozilla/5.0 (Windows NT 10.0; Win64; x64) AppleWebKit/537.36 (KHTML, like Gecko) Chrome/83.0.4103.116 Safari/537.36"
::1 - - [21/Jul/2020:17:04:33 +0000] "GET /home HTTP/1.1" 200 9768 "http://localhost:8000/home" "Mozilla/5.0 (Windows NT 10.0; Win64; x64) AppleWebKit/537.36 (KHTML, like Gecko) Chrome/83.0.4103.116 Safari/537.36"
::1 - - [21/Jul/2020:17:04:41 +0000] "POST /post/create HTTP/1.1" 200 348 "http://localhost:8000/home" "Mozilla/5.0 (Windows NT 10.0; Win64; x64) AppleWebKit/537.36 (KHTML, like Gecko) Chrome/83.0.4103.116 Safari/537.36"
::1 - - [21/Jul/2020:17:04:44 +0000] "POST /comment/create HTTP/1.1" 302 96 "http://localhost:8000/home" "Mozilla/5.0 (Windows NT 10.0; Win64; x64) AppleWebKit/537.36 (KHTML, like Gecko) Chrome/83.0.4103.116 Safari/537.36"
::1 - - [21/Jul/2020:17:04:44 +0000] "GET /home HTTP/1.1" 200 12078 "http://localhost:8000/home" "Mozilla/5.0 (Windows NT 10.0; Win64; x64) AppleWebKit/537.36 (KHTML, like Gecko) Chrome/83.0.4103.116 Safari/537.36"
::1 - - [21/Jul/2020:17:05:20 +0000] "GET /home HTTP/1.1" 200 11825 "http://localhost:8000/home" "Mozilla/5.0 (Windows NT 10.0; Win64; x64) AppleWebKit/537.36 (KHTML, like Gecko) Chrome/83.0.4103.116 Safari/537.36"
::1 - - [21/Jul/2020:17:05:25 +0000] "GET /favicon.ico HTTP/1.1" 404 150 "http://localhost:8000/home" "Mozilla/5.0 (Windows NT 10.0; Win64; x64) AppleWebKit/537.36 (KHTML, like Gecko) Chrome/83.0.4103.116 Safari/537.36"
::1 - - [21/Jul/2020:17:05:32 +0000] "POST /post/create HTTP/1.1" 200 351 "http://localhost:8000/home" "Mozilla/5.0 (Windows NT 10.0; Win64; x64) AppleWebKit/537.36 (KHTML, like Gecko) Chrome/83.0.4103.116 Safari/537.36"
::1 - - [21/Jul/2020:17:06:32 +0000] "GET /home HTTP/1.1" 200 13152 "http://localhost:8000/home" "Mozilla/5.0 (Windows NT 10.0; Win64; x64) AppleWebKit/537.36 (KHTML, like Gecko) Chrome/83.0.4103.116 Safari/537.36"
::1 - - [21/Jul/2020:17:07:37 +0000] "GET /home HTTP/1.1" 304 - "http://localhost:8000/home" "Mozilla/5.0 (Windows NT 10.0; Win64; x64) AppleWebKit/537.36 (KHTML, like Gecko) Chrome/83.0.4103.116 Safari/537.36"
::1 - - [21/Jul/2020:17:10:04 +0000] "GET /home HTTP/1.1" 200 13152 "http://localhost:8000/home" "Mozilla/5.0 (Windows NT 10.0; Win64; x64) AppleWebKit/537.36 (KHTML, like Gecko) Chrome/83.0.4103.116 Safari/537.36"
::1 - - [21/Jul/2020:17:10:11 +0000] "GET /favicon.ico HTTP/1.1" 404 150 "http://localhost:8000/home" "Mozilla/5.0 (Windows NT 10.0; Win64; x64) AppleWebKit/537.36 (KHTML, like Gecko) Chrome/83.0.4103.116 Safari/537.36"
::1 - - [21/Jul/2020:17:10:17 +0000] "POST /post/create HTTP/1.1" 200 353 "http://localhost:8000/home" "Mozilla/5.0 (Windows NT 10.0; Win64; x64) AppleWebKit/537.36 (KHTML, like Gecko) Chrome/83.0.4103.116 Safari/537.36"
::1 - - [21/Jul/2020:17:12:37 +0000] "GET /home HTTP/1.1" 200 14481 "http://localhost:8000/home" "Mozilla/5.0 (Windows NT 10.0; Win64; x64) AppleWebKit/537.36 (KHTML, like Gecko) Chrome/83.0.4103.116 Safari/537.36"
::1 - - [21/Jul/2020:17:13:20 +0000] "POST /post/create HTTP/1.1" 200 352 "http://localhost:8000/home" "Mozilla/5.0 (Windows NT 10.0; Win64; x64) AppleWebKit/537.36 (KHTML, like Gecko) Chrome/83.0.4103.116 Safari/537.36"
::1 - - [21/Jul/2020:17:15:49 +0000] "GET /home HTTP/1.1" 200 15809 "http://localhost:8000/home" "Mozilla/5.0 (Windows NT 10.0; Win64; x64) AppleWebKit/537.36 (KHTML, like Gecko) Chrome/83.0.4103.116 Safari/537.36"
::1 - - [21/Jul/2020:17:16:01 +0000] "POST /post/create HTTP/1.1" 200 356 "http://localhost:8000/home" "Mozilla/5.0 (Windows NT 10.0; Win64; x64) AppleWebKit/537.36 (KHTML, like Gecko) Chrome/83.0.4103.116 Safari/537.36"
::1 - - [21/Jul/2020:17:16:27 +0000] "POST /comment/create HTTP/1.1" 200 377 "http://localhost:8000/home" "Mozilla/5.0 (Windows NT 10.0; Win64; x64) AppleWebKit/537.36 (KHTML, like Gecko) Chrome/83.0.4103.116 Safari/537.36"
::1 - - [21/Jul/2020:17:16:58 +0000] "GET / HTTP/1.1" 302 54 "-" "Mozilla/5.0 (Windows NT 10.0; Win64; x64) AppleWebKit/537.36 (KHTML, like Gecko) Chrome/83.0.4103.116 Safari/537.36"
::1 - - [21/Jul/2020:17:16:59 +0000] "GET /home HTTP/1.1" 200 17877 "-" "Mozilla/5.0 (Windows NT 10.0; Win64; x64) AppleWebKit/537.36 (KHTML, like Gecko) Chrome/83.0.4103.116 Safari/537.36"
::1 - - [21/Jul/2020:17:17:06 +0000] "POST /post/create HTTP/1.1" 200 349 "http://localhost:8000/home" "Mozilla/5.0 (Windows NT 10.0; Win64; x64) AppleWebKit/537.36 (KHTML, like Gecko) Chrome/83.0.4103.116 Safari/537.36"
::1 - - [21/Jul/2020:17:17:08 +0000] "POST /comment/create HTTP/1.1" 200 375 "http://localhost:8000/home" "Mozilla/5.0 (Windows NT 10.0; Win64; x64) AppleWebKit/537.36 (KHTML, like Gecko) Chrome/83.0.4103.116 Safari/537.36"
::1 - - [21/Jul/2020:17:17:10 +0000] "POST /post/create HTTP/1.1" 200 349 "http://localhost:8000/home" "Mozilla/5.0 (Windows NT 10.0; Win64; x64) AppleWebKit/537.36 (KHTML, like Gecko) Chrome/83.0.4103.116 Safari/537.36"
::1 - - [21/Jul/2020:17:17:12 +0000] "POST /comment/create HTTP/1.1" 200 374 "http://localhost:8000/home" "Mozilla/5.0 (Windows NT 10.0; Win64; x64) AppleWebKit/537.36 (KHTML, like Gecko) Chrome/83.0.4103.116 Safari/537.36"
::1 - - [21/Jul/2020:17:24:06 +0000] "GET / HTTP/1.1" 302 54 "-" "Mozilla/5.0 (Windows NT 10.0; Win64; x64) AppleWebKit/537.36 (KHTML, like Gecko) Chrome/83.0.4103.116 Safari/537.36"
::1 - - [21/Jul/2020:17:24:06 +0000] "GET /home HTTP/1.1" 200 21994 "-" "Mozilla/5.0 (Windows NT 10.0; Win64; x64) AppleWebKit/537.36 (KHTML, like Gecko) Chrome/83.0.4103.116 Safari/537.36"
::1 - - [21/Jul/2020:17:25:08 +0000] "GET /post/delete/5f17231664522fa7c0ab783e HTTP/1.1" 200 66 "http://localhost:8000/home" "Mozilla/5.0 (Windows NT 10.0; Win64; x64) AppleWebKit/537.36 (KHTML, like Gecko) Chrome/83.0.4103.116 Safari/537.36"
::1 - - [21/Jul/2020:17:25:08 +0000] "GET /post/delete/5f17231264522fa7c0ab783b HTTP/1.1" 200 66 "http://localhost:8000/home" "Mozilla/5.0 (Windows NT 10.0; Win64; x64) AppleWebKit/537.36 (KHTML, like Gecko) Chrome/83.0.4103.116 Safari/537.36"
::1 - - [21/Jul/2020:17:25:08 +0000] "GET /post/delete/5f1722d17446c989eceac217 HTTP/1.1" 200 66 "http://localhost:8000/home" "Mozilla/5.0 (Windows NT 10.0; Win64; x64) AppleWebKit/537.36 (KHTML, like Gecko) Chrome/83.0.4103.116 Safari/537.36"
::1 - - [21/Jul/2020:17:25:08 +0000] "GET /post/delete/5f172230d5c35877f05743b5 HTTP/1.1" 200 66 "http://localhost:8000/home" "Mozilla/5.0 (Windows NT 10.0; Win64; x64) AppleWebKit/537.36 (KHTML, like Gecko) Chrome/83.0.4103.116 Safari/537.36"
::1 - - [21/Jul/2020:17:25:08 +0000] "GET /post/delete/5f172179d30fccb46475a35a HTTP/1.1" 200 66 "http://localhost:8000/home" "Mozilla/5.0 (Windows NT 10.0; Win64; x64) AppleWebKit/537.36 (KHTML, like Gecko) Chrome/83.0.4103.116 Safari/537.36"
::1 - - [21/Jul/2020:17:25:09 +0000] "GET /post/delete/5f17205ccb530eaea44a7c25 HTTP/1.1" 200 66 "http://localhost:8000/home" "Mozilla/5.0 (Windows NT 10.0; Win64; x64) AppleWebKit/537.36 (KHTML, like Gecko) Chrome/83.0.4103.116 Safari/537.36"
::1 - - [21/Jul/2020:17:25:09 +0000] "GET /post/delete/5f17202977f096c1d8b02928 HTTP/1.1" 200 66 "http://localhost:8000/home" "Mozilla/5.0 (Windows NT 10.0; Win64; x64) AppleWebKit/537.36 (KHTML, like Gecko) Chrome/83.0.4103.116 Safari/537.36"
::1 - - [21/Jul/2020:17:25:09 +0000] "GET /post/delete/5f171fdef876da7388820f1a HTTP/1.1" 200 66 "http://localhost:8000/home" "Mozilla/5.0 (Windows NT 10.0; Win64; x64) AppleWebKit/537.36 (KHTML, like Gecko) Chrome/83.0.4103.116 Safari/537.36"
::1 - - [21/Jul/2020:17:25:09 +0000] "GET /post/delete/5f171f6cf876da7388820f17 HTTP/1.1" 200 66 "http://localhost:8000/home" "Mozilla/5.0 (Windows NT 10.0; Win64; x64) AppleWebKit/537.36 (KHTML, like Gecko) Chrome/83.0.4103.116 Safari/537.36"
::1 - - [21/Jul/2020:17:25:10 +0000] "GET /post/delete/5f171ecea587d5c210b741c6 HTTP/1.1" 200 66 "http://localhost:8000/home" "Mozilla/5.0 (Windows NT 10.0; Win64; x64) AppleWebKit/537.36 (KHTML, like Gecko) Chrome/83.0.4103.116 Safari/537.36"
::1 - - [21/Jul/2020:17:25:12 +0000] "GET /home HTTP/1.1" 200 4292 "-" "Mozilla/5.0 (Windows NT 10.0; Win64; x64) AppleWebKit/537.36 (KHTML, like Gecko) Chrome/83.0.4103.116 Safari/537.36"
::1 - - [21/Jul/2020:17:25:53 +0000] "GET / HTTP/1.1" 302 54 "-" "Mozilla/5.0 (Windows NT 10.0; Win64; x64) AppleWebKit/537.36 (KHTML, like Gecko) Chrome/83.0.4103.116 Safari/537.36"
::1 - - [21/Jul/2020:17:25:53 +0000] "GET /home HTTP/1.1" 304 - "-" "Mozilla/5.0 (Windows NT 10.0; Win64; x64) AppleWebKit/537.36 (KHTML, like Gecko) Chrome/83.0.4103.116 Safari/537.36"
