::1 - - [22/Jul/2020:02:50:52 +0000] "GET / HTTP/1.1" 200 4273 "-" "Mozilla/5.0 (Windows NT 10.0; Win64; x64) AppleWebKit/537.36 (KHTML, like Gecko) Chrome/83.0.4103.116 Safari/537.36"
::1 - - [22/Jul/2020:02:50:52 +0000] "GET /images/sign-up-pic.png HTTP/1.1" 404 161 "http://localhost:8000/" "Mozilla/5.0 (Windows NT 10.0; Win64; x64) AppleWebKit/537.36 (KHTML, like Gecko) Chrome/83.0.4103.116 Safari/537.36"
::1 - - [22/Jul/2020:02:50:57 +0000] "GET /sign-in HTTP/1.1" 304 - "http://localhost:8000/" "Mozilla/5.0 (Windows NT 10.0; Win64; x64) AppleWebKit/537.36 (KHTML, like Gecko) Chrome/83.0.4103.116 Safari/537.36"
::1 - - [22/Jul/2020:02:51:00 +0000] "POST /users/create_session HTTP/1.1" 302 54 "http://localhost:8000/sign-in" "Mozilla/5.0 (Windows NT 10.0; Win64; x64) AppleWebKit/537.36 (KHTML, like Gecko) Chrome/83.0.4103.116 Safari/537.36"
::1 - - [22/Jul/2020:02:51:00 +0000] "GET /home HTTP/1.1" 200 4544 "http://localhost:8000/sign-in" "Mozilla/5.0 (Windows NT 10.0; Win64; x64) AppleWebKit/537.36 (KHTML, like Gecko) Chrome/83.0.4103.116 Safari/537.36"
::1 - - [22/Jul/2020:02:51:06 +0000] "POST /post/create HTTP/1.1" 200 349 "http://localhost:8000/home" "Mozilla/5.0 (Windows NT 10.0; Win64; x64) AppleWebKit/537.36 (KHTML, like Gecko) Chrome/83.0.4103.116 Safari/537.36"
::1 - - [22/Jul/2020:02:51:08 +0000] "POST /comment/create HTTP/1.1" 200 375 "http://localhost:8000/home" "Mozilla/5.0 (Windows NT 10.0; Win64; x64) AppleWebKit/537.36 (KHTML, like Gecko) Chrome/83.0.4103.116 Safari/537.36"
::1 - - [22/Jul/2020:02:51:17 +0000] "POST /comment/create HTTP/1.1" 200 374 "http://localhost:8000/home" "Mozilla/5.0 (Windows NT 10.0; Win64; x64) AppleWebKit/537.36 (KHTML, like Gecko) Chrome/83.0.4103.116 Safari/537.36"
::1 - - [22/Jul/2020:02:51:19 +0000] "POST /comment/create HTTP/1.1" 200 374 "http://localhost:8000/home" "Mozilla/5.0 (Windows NT 10.0; Win64; x64) AppleWebKit/537.36 (KHTML, like Gecko) Chrome/83.0.4103.116 Safari/537.36"
::1 - - [22/Jul/2020:02:51:21 +0000] "GET /home HTTP/1.1" 200 7817 "http://localhost:8000/sign-in" "Mozilla/5.0 (Windows NT 10.0; Win64; x64) AppleWebKit/537.36 (KHTML, like Gecko) Chrome/83.0.4103.116 Safari/537.36"
::1 - - [22/Jul/2020:02:52:06 +0000] "GET /post/delete/5f17a999e04e1d1cf0002b15 HTTP/1.1" 200 66 "http://localhost:8000/home" "Mozilla/5.0 (Windows NT 10.0; Win64; x64) AppleWebKit/537.36 (KHTML, like Gecko) Chrome/83.0.4103.116 Safari/537.36"
::1 - - [22/Jul/2020:02:52:09 +0000] "GET /users/profile/5f153d186f5f72c7fc4f9a4f HTTP/1.1" 304 - "http://localhost:8000/home" "Mozilla/5.0 (Windows NT 10.0; Win64; x64) AppleWebKit/537.36 (KHTML, like Gecko) Chrome/83.0.4103.116 Safari/537.36"
::1 - - [22/Jul/2020:02:52:14 +0000] "GET /home HTTP/1.1" 200 4292 "http://localhost:8000/users/profile/5f153d186f5f72c7fc4f9a4f" "Mozilla/5.0 (Windows NT 10.0; Win64; x64) AppleWebKit/537.36 (KHTML, like Gecko) Chrome/83.0.4103.116 Safari/537.36"
::1 - - [22/Jul/2020:02:54:56 +0000] "POST /post/create HTTP/1.1" 200 348 "http://localhost:8000/home" "Mozilla/5.0 (Windows NT 10.0; Win64; x64) AppleWebKit/537.36 (KHTML, like Gecko) Chrome/83.0.4103.116 Safari/537.36"
::1 - - [22/Jul/2020:02:55:03 +0000] "GET /home HTTP/1.1" 200 7082 "http://localhost:8000/users/profile/5f153d186f5f72c7fc4f9a4f" "Mozilla/5.0 (Windows NT 10.0; Win64; x64) AppleWebKit/537.36 (KHTML, like Gecko) Chrome/83.0.4103.116 Safari/537.36"
::1 - - [22/Jul/2020:02:55:03 +0000] "POST /comment/create HTTP/1.1" - - "http://localhost:8000/home" "Mozilla/5.0 (Windows NT 10.0; Win64; x64) AppleWebKit/537.36 (KHTML, like Gecko) Chrome/83.0.4103.116 Safari/537.36"
::1 - - [22/Jul/2020:02:55:03 +0000] "POST /comment/create HTTP/1.1" - - "http://localhost:8000/home" "Mozilla/5.0 (Windows NT 10.0; Win64; x64) AppleWebKit/537.36 (KHTML, like Gecko) Chrome/83.0.4103.116 Safari/537.36"
::1 - - [22/Jul/2020:02:55:19 +0000] "GET /home HTTP/1.1" 200 7815 "http://localhost:8000/users/profile/5f153d186f5f72c7fc4f9a4f" "Mozilla/5.0 (Windows NT 10.0; Win64; x64) AppleWebKit/537.36 (KHTML, like Gecko) Chrome/83.0.4103.116 Safari/537.36"
::1 - - [22/Jul/2020:02:55:22 +0000] "POST /post/create HTTP/1.1" 200 349 "http://localhost:8000/home" "Mozilla/5.0 (Windows NT 10.0; Win64; x64) AppleWebKit/537.36 (KHTML, like Gecko) Chrome/83.0.4103.116 Safari/537.36"
::1 - - [22/Jul/2020:02:55:25 +0000] "POST /comment/create HTTP/1.1" 200 374 "http://localhost:8000/home" "Mozilla/5.0 (Windows NT 10.0; Win64; x64) AppleWebKit/537.36 (KHTML, like Gecko) Chrome/83.0.4103.116 Safari/537.36"
::1 - - [22/Jul/2020:02:55:26 +0000] "POST /comment/create HTTP/1.1" 200 374 "http://localhost:8000/home" "Mozilla/5.0 (Windows NT 10.0; Win64; x64) AppleWebKit/537.36 (KHTML, like Gecko) Chrome/83.0.4103.116 Safari/537.36"
::1 - - [22/Jul/2020:02:55:27 +0000] "POST /comment/create HTTP/1.1" 200 374 "http://localhost:8000/home" "Mozilla/5.0 (Windows NT 10.0; Win64; x64) AppleWebKit/537.36 (KHTML, like Gecko) Chrome/83.0.4103.116 Safari/537.36"
::1 - - [22/Jul/2020:02:55:29 +0000] "GET /home HTTP/1.1" 200 11339 "http://localhost:8000/users/profile/5f153d186f5f72c7fc4f9a4f" "Mozilla/5.0 (Windows NT 10.0; Win64; x64) AppleWebKit/537.36 (KHTML, like Gecko) Chrome/83.0.4103.116 Safari/537.36"
::1 - - [22/Jul/2020:02:57:21 +0000] "GET /home HTTP/1.1" 304 - "http://localhost:8000/users/profile/5f153d186f5f72c7fc4f9a4f" "Mozilla/5.0 (Windows NT 10.0; Win64; x64) AppleWebKit/537.36 (KHTML, like Gecko) Chrome/83.0.4103.116 Safari/537.36"
::1 - - [22/Jul/2020:07:50:35 +0000] "GET / HTTP/1.1" 200 4284 "-" "Mozilla/5.0 (Windows NT 10.0; Win64; x64) AppleWebKit/537.36 (KHTML, like Gecko) Chrome/83.0.4103.116 Safari/537.36"
::1 - - [22/Jul/2020:07:50:54 +0000] "GET /sign-in HTTP/1.1" 304 - "http://localhost:8000/" "Mozilla/5.0 (Windows NT 10.0; Win64; x64) AppleWebKit/537.36 (KHTML, like Gecko) Chrome/83.0.4103.116 Safari/537.36"
::1 - - [22/Jul/2020:07:50:55 +0000] "GET / HTTP/1.1" 304 - "http://localhost:8000/sign-in" "Mozilla/5.0 (Windows NT 10.0; Win64; x64) AppleWebKit/537.36 (KHTML, like Gecko) Chrome/83.0.4103.116 Safari/537.36"
::1 - - [22/Jul/2020:07:51:01 +0000] "GET /sign-in HTTP/1.1" 304 - "http://localhost:8000/" "Mozilla/5.0 (Windows NT 10.0; Win64; x64) AppleWebKit/537.36 (KHTML, like Gecko) Chrome/83.0.4103.116 Safari/537.36"
::1 - - [22/Jul/2020:07:51:03 +0000] "POST /users/create_session HTTP/1.1" 302 54 "http://localhost:8000/sign-in" "Mozilla/5.0 (Windows NT 10.0; Win64; x64) AppleWebKit/537.36 (KHTML, like Gecko) Chrome/83.0.4103.116 Safari/537.36"
::1 - - [22/Jul/2020:07:51:03 +0000] "GET /home HTTP/1.1" 200 11591 "http://localhost:8000/sign-in" "Mozilla/5.0 (Windows NT 10.0; Win64; x64) AppleWebKit/537.36 (KHTML, like Gecko) Chrome/83.0.4103.116 Safari/537.36"
::1 - - [22/Jul/2020:07:51:12 +0000] "GET /sign-out HTTP/1.1" 302 46 "http://localhost:8000/home" "Mozilla/5.0 (Windows NT 10.0; Win64; x64) AppleWebKit/537.36 (KHTML, like Gecko) Chrome/83.0.4103.116 Safari/537.36"
::1 - - [22/Jul/2020:07:51:12 +0000] "GET / HTTP/1.1" 200 4537 "http://localhost:8000/home" "Mozilla/5.0 (Windows NT 10.0; Win64; x64) AppleWebKit/537.36 (KHTML, like Gecko) Chrome/83.0.4103.116 Safari/537.36"
::1 - - [22/Jul/2020:07:51:21 +0000] "POST /users/create HTTP/1.1" 302 60 "http://localhost:8000/" "Mozilla/5.0 (Windows NT 10.0; Win64; x64) AppleWebKit/537.36 (KHTML, like Gecko) Chrome/83.0.4103.116 Safari/537.36"
::1 - - [22/Jul/2020:07:51:21 +0000] "GET /sign-in HTTP/1.1" 200 3800 "http://localhost:8000/" "Mozilla/5.0 (Windows NT 10.0; Win64; x64) AppleWebKit/537.36 (KHTML, like Gecko) Chrome/83.0.4103.116 Safari/537.36"
::1 - - [22/Jul/2020:07:51:29 +0000] "POST /users/create_session HTTP/1.1" 302 54 "http://localhost:8000/sign-in" "Mozilla/5.0 (Windows NT 10.0; Win64; x64) AppleWebKit/537.36 (KHTML, like Gecko) Chrome/83.0.4103.116 Safari/537.36"
::1 - - [22/Jul/2020:07:51:29 +0000] "GET /home HTTP/1.1" 200 11628 "http://localhost:8000/sign-in" "Mozilla/5.0 (Windows NT 10.0; Win64; x64) AppleWebKit/537.36 (KHTML, like Gecko) Chrome/83.0.4103.116 Safari/537.36"
::1 - - [22/Jul/2020:07:54:24 +0000] "GET /home HTTP/1.1" 200 11430 "http://localhost:8000/sign-in" "Mozilla/5.0 (Windows NT 10.0; Win64; x64) AppleWebKit/537.36 (KHTML, like Gecko) Chrome/83.0.4103.116 Safari/537.36"
::1 - - [22/Jul/2020:08:01:42 +0000] "GET /home HTTP/1.1" 200 11434 "http://localhost:8000/sign-in" "Mozilla/5.0 (Windows NT 10.0; Win64; x64) AppleWebKit/537.36 (KHTML, like Gecko) Chrome/83.0.4103.116 Safari/537.36"
::1 - - [22/Jul/2020:08:05:57 +0000] "GET /home HTTP/1.1" 200 11406 "http://localhost:8000/sign-in" "Mozilla/5.0 (Windows NT 10.0; Win64; x64) AppleWebKit/537.36 (KHTML, like Gecko) Chrome/83.0.4103.116 Safari/537.36"
::1 - - [22/Jul/2020:08:05:57 +0000] "GET /undefined HTTP/1.1" 404 148 "http://localhost:8000/home" "Mozilla/5.0 (Windows NT 10.0; Win64; x64) AppleWebKit/537.36 (KHTML, like Gecko) Chrome/83.0.4103.116 Safari/537.36"
::1 - - [22/Jul/2020:08:06:16 +0000] "GET /home HTTP/1.1" 200 11428 "http://localhost:8000/sign-in" "Mozilla/5.0 (Windows NT 10.0; Win64; x64) AppleWebKit/537.36 (KHTML, like Gecko) Chrome/83.0.4103.116 Safari/537.36"
::1 - - [22/Jul/2020:08:06:20 +0000] "GET /sign-out HTTP/1.1" 302 46 "http://localhost:8000/home" "Mozilla/5.0 (Windows NT 10.0; Win64; x64) AppleWebKit/537.36 (KHTML, like Gecko) Chrome/83.0.4103.116 Safari/537.36"
::1 - - [22/Jul/2020:08:06:20 +0000] "GET / HTTP/1.1" 304 - "http://localhost:8000/home" "Mozilla/5.0 (Windows NT 10.0; Win64; x64) AppleWebKit/537.36 (KHTML, like Gecko) Chrome/83.0.4103.116 Safari/537.36"
::1 - - [22/Jul/2020:08:06:29 +0000] "POST /users/create HTTP/1.1" 302 60 "http://localhost:8000/" "Mozilla/5.0 (Windows NT 10.0; Win64; x64) AppleWebKit/537.36 (KHTML, like Gecko) Chrome/83.0.4103.116 Safari/537.36"
::1 - - [22/Jul/2020:08:06:29 +0000] "GET /sign-in HTTP/1.1" 304 - "http://localhost:8000/" "Mozilla/5.0 (Windows NT 10.0; Win64; x64) AppleWebKit/537.36 (KHTML, like Gecko) Chrome/83.0.4103.116 Safari/537.36"
::1 - - [22/Jul/2020:08:06:34 +0000] "POST /users/create_session HTTP/1.1" 302 54 "http://localhost:8000/sign-in" "Mozilla/5.0 (Windows NT 10.0; Win64; x64) AppleWebKit/537.36 (KHTML, like Gecko) Chrome/83.0.4103.116 Safari/537.36"
::1 - - [22/Jul/2020:08:06:34 +0000] "GET /home HTTP/1.1" 200 12658 "http://localhost:8000/sign-in" "Mozilla/5.0 (Windows NT 10.0; Win64; x64) AppleWebKit/537.36 (KHTML, like Gecko) Chrome/83.0.4103.116 Safari/537.36"
::1 - - [22/Jul/2020:08:06:49 +0000] "GET /users/profile/5f17f385c13056d480b0a478 HTTP/1.1" 200 7557 "http://localhost:8000/home" "Mozilla/5.0 (Windows NT 10.0; Win64; x64) AppleWebKit/537.36 (KHTML, like Gecko) Chrome/83.0.4103.116 Safari/537.36"
::1 - - [22/Jul/2020:08:09:14 +0000] "GET /users/profile/5f17f385c13056d480b0a478 HTTP/1.1" 304 - "http://localhost:8000/home" "Mozilla/5.0 (Windows NT 10.0; Win64; x64) AppleWebKit/537.36 (KHTML, like Gecko) Chrome/83.0.4103.116 Safari/537.36"
::1 - - [22/Jul/2020:08:09:16 +0000] "GET /home HTTP/1.1" 200 12602 "http://localhost:8000/users/profile/5f17f385c13056d480b0a478" "Mozilla/5.0 (Windows NT 10.0; Win64; x64) AppleWebKit/537.36 (KHTML, like Gecko) Chrome/83.0.4103.116 Safari/537.36"
::1 - - [22/Jul/2020:08:10:33 +0000] "GET /sign-out HTTP/1.1" 302 46 "http://localhost:8000/home" "Mozilla/5.0 (Windows NT 10.0; Win64; x64) AppleWebKit/537.36 (KHTML, like Gecko) Chrome/83.0.4103.116 Safari/537.36"
::1 - - [22/Jul/2020:08:10:33 +0000] "GET / HTTP/1.1" 304 - "http://localhost:8000/home" "Mozilla/5.0 (Windows NT 10.0; Win64; x64) AppleWebKit/537.36 (KHTML, like Gecko) Chrome/83.0.4103.116 Safari/537.36"
::1 - - [22/Jul/2020:08:11:12 +0000] "POST /users/create HTTP/1.1" 302 60 "http://localhost:8000/" "Mozilla/5.0 (Windows NT 10.0; Win64; x64) AppleWebKit/537.36 (KHTML, like Gecko) Chrome/83.0.4103.116 Safari/537.36"
::1 - - [22/Jul/2020:08:11:12 +0000] "GET /sign-in HTTP/1.1" 304 - "http://localhost:8000/" "Mozilla/5.0 (Windows NT 10.0; Win64; x64) AppleWebKit/537.36 (KHTML, like Gecko) Chrome/83.0.4103.116 Safari/537.36"
::1 - - [22/Jul/2020:08:11:14 +0000] "POST /users/create_session HTTP/1.1" 302 54 "http://localhost:8000/sign-in" "Mozilla/5.0 (Windows NT 10.0; Win64; x64) AppleWebKit/537.36 (KHTML, like Gecko) Chrome/83.0.4103.116 Safari/537.36"
::1 - - [22/Jul/2020:08:11:14 +0000] "GET /home HTTP/1.1" 200 4540 "http://localhost:8000/sign-in" "Mozilla/5.0 (Windows NT 10.0; Win64; x64) AppleWebKit/537.36 (KHTML, like Gecko) Chrome/83.0.4103.116 Safari/537.36"
::1 - - [22/Jul/2020:08:11:20 +0000] "POST /post/create HTTP/1.1" 200 295 "http://localhost:8000/home" "Mozilla/5.0 (Windows NT 10.0; Win64; x64) AppleWebKit/537.36 (KHTML, like Gecko) Chrome/83.0.4103.116 Safari/537.36"
::1 - - [22/Jul/2020:08:11:20 +0000] "GET /undefined HTTP/1.1" 404 148 "http://localhost:8000/home" "Mozilla/5.0 (Windows NT 10.0; Win64; x64) AppleWebKit/537.36 (KHTML, like Gecko) Chrome/83.0.4103.116 Safari/537.36"
::1 - - [22/Jul/2020:08:11:25 +0000] "POST /comment/create HTTP/1.1" 200 321 "http://localhost:8000/home" "Mozilla/5.0 (Windows NT 10.0; Win64; x64) AppleWebKit/537.36 (KHTML, like Gecko) Chrome/83.0.4103.116 Safari/537.36"
::1 - - [22/Jul/2020:08:11:25 +0000] "GET /undefined HTTP/1.1" 404 148 "http://localhost:8000/home" "Mozilla/5.0 (Windows NT 10.0; Win64; x64) AppleWebKit/537.36 (KHTML, like Gecko) Chrome/83.0.4103.116 Safari/537.36"
::1 - - [22/Jul/2020:08:13:25 +0000] "GET /home HTTP/1.1" 200 6279 "http://localhost:8000/sign-in" "Mozilla/5.0 (Windows NT 10.0; Win64; x64) AppleWebKit/537.36 (KHTML, like Gecko) Chrome/83.0.4103.116 Safari/537.36"
::1 - - [22/Jul/2020:08:14:35 +0000] "GET /home HTTP/1.1" 200 6323 "http://localhost:8000/sign-in" "Mozilla/5.0 (Windows NT 10.0; Win64; x64) AppleWebKit/537.36 (KHTML, like Gecko) Chrome/83.0.4103.116 Safari/537.36"
::1 - - [22/Jul/2020:08:14:45 +0000] "GET /home HTTP/1.1" 304 - "http://localhost:8000/home" "Mozilla/5.0 (Windows NT 10.0; Win64; x64) AppleWebKit/537.36 (KHTML, like Gecko) Chrome/83.0.4103.116 Safari/537.36"
::1 - - [22/Jul/2020:08:14:48 +0000] "GET /users/profile/5f17f49fc13056d480b0a479 HTTP/1.1" 200 7537 "http://localhost:8000/home" "Mozilla/5.0 (Windows NT 10.0; Win64; x64) AppleWebKit/537.36 (KHTML, like Gecko) Chrome/83.0.4103.116 Safari/537.36"
::1 - - [22/Jul/2020:08:16:04 +0000] "GET /users/profile/5f17f49fc13056d480b0a479 HTTP/1.1" 304 - "http://localhost:8000/home" "Mozilla/5.0 (Windows NT 10.0; Win64; x64) AppleWebKit/537.36 (KHTML, like Gecko) Chrome/83.0.4103.116 Safari/537.36"
::1 - - [22/Jul/2020:08:19:08 +0000] "GET /users/profile/5f17f49fc13056d480b0a479 HTTP/1.1" 200 7597 "http://localhost:8000/home" "Mozilla/5.0 (Windows NT 10.0; Win64; x64) AppleWebKit/537.36 (KHTML, like Gecko) Chrome/83.0.4103.116 Safari/537.36"
::1 - - [22/Jul/2020:08:19:16 +0000] "GET /home HTTP/1.1" 304 - "http://localhost:8000/users/profile/5f17f49fc13056d480b0a479" "Mozilla/5.0 (Windows NT 10.0; Win64; x64) AppleWebKit/537.36 (KHTML, like Gecko) Chrome/83.0.4103.116 Safari/537.36"
::1 - - [22/Jul/2020:08:19:18 +0000] "GET /sign-out HTTP/1.1" 302 46 "http://localhost:8000/home" "Mozilla/5.0 (Windows NT 10.0; Win64; x64) AppleWebKit/537.36 (KHTML, like Gecko) Chrome/83.0.4103.116 Safari/537.36"
::1 - - [22/Jul/2020:08:19:18 +0000] "GET / HTTP/1.1" 304 - "http://localhost:8000/home" "Mozilla/5.0 (Windows NT 10.0; Win64; x64) AppleWebKit/537.36 (KHTML, like Gecko) Chrome/83.0.4103.116 Safari/537.36"
::1 - - [22/Jul/2020:08:19:27 +0000] "POST /users/create HTTP/1.1" 302 60 "http://localhost:8000/" "Mozilla/5.0 (Windows NT 10.0; Win64; x64) AppleWebKit/537.36 (KHTML, like Gecko) Chrome/83.0.4103.116 Safari/537.36"
::1 - - [22/Jul/2020:08:19:27 +0000] "GET /sign-in HTTP/1.1" 304 - "http://localhost:8000/" "Mozilla/5.0 (Windows NT 10.0; Win64; x64) AppleWebKit/537.36 (KHTML, like Gecko) Chrome/83.0.4103.116 Safari/537.36"
::1 - - [22/Jul/2020:08:19:31 +0000] "POST /users/create_session HTTP/1.1" 302 54 "http://localhost:8000/sign-in" "Mozilla/5.0 (Windows NT 10.0; Win64; x64) AppleWebKit/537.36 (KHTML, like Gecko) Chrome/83.0.4103.116 Safari/537.36"
::1 - - [22/Jul/2020:08:19:31 +0000] "GET /home HTTP/1.1" 200 7487 "http://localhost:8000/sign-in" "Mozilla/5.0 (Windows NT 10.0; Win64; x64) AppleWebKit/537.36 (KHTML, like Gecko) Chrome/83.0.4103.116 Safari/537.36"
::1 - - [22/Jul/2020:08:19:54 +0000] "POST /post/create HTTP/1.1" 200 304 "http://localhost:8000/home" "Mozilla/5.0 (Windows NT 10.0; Win64; x64) AppleWebKit/537.36 (KHTML, like Gecko) Chrome/83.0.4103.116 Safari/537.36"
::1 - - [22/Jul/2020:08:19:54 +0000] "GET /undefined HTTP/1.1" 404 148 "http://localhost:8000/home" "Mozilla/5.0 (Windows NT 10.0; Win64; x64) AppleWebKit/537.36 (KHTML, like Gecko) Chrome/83.0.4103.116 Safari/537.36"
::1 - - [22/Jul/2020:08:19:58 +0000] "POST /comment/create HTTP/1.1" 200 328 "http://localhost:8000/home" "Mozilla/5.0 (Windows NT 10.0; Win64; x64) AppleWebKit/537.36 (KHTML, like Gecko) Chrome/83.0.4103.116 Safari/537.36"
::1 - - [22/Jul/2020:08:19:58 +0000] "GET /undefined HTTP/1.1" 404 148 "http://localhost:8000/home" "Mozilla/5.0 (Windows NT 10.0; Win64; x64) AppleWebKit/537.36 (KHTML, like Gecko) Chrome/83.0.4103.116 Safari/537.36"
::1 - - [22/Jul/2020:08:20:04 +0000] "GET /users/profile/5f17f68fc13056d480b0a47d HTTP/1.1" 200 7618 "http://localhost:8000/home" "Mozilla/5.0 (Windows NT 10.0; Win64; x64) AppleWebKit/537.36 (KHTML, like Gecko) Chrome/83.0.4103.116 Safari/537.36"
::1 - - [22/Jul/2020:08:20:06 +0000] "GET /home HTTP/1.1" 200 9286 "http://localhost:8000/users/profile/5f17f68fc13056d480b0a47d" "Mozilla/5.0 (Windows NT 10.0; Win64; x64) AppleWebKit/537.36 (KHTML, like Gecko) Chrome/83.0.4103.116 Safari/537.36"
::1 - - [22/Jul/2020:08:20:15 +0000] "GET /users/profile/5f17f68fc13056d480b0a47d HTTP/1.1" 304 - "http://localhost:8000/home" "Mozilla/5.0 (Windows NT 10.0; Win64; x64) AppleWebKit/537.36 (KHTML, like Gecko) Chrome/83.0.4103.116 Safari/537.36"
::1 - - [22/Jul/2020:08:20:20 +0000] "GET /home HTTP/1.1" 304 - "http://localhost:8000/users/profile/5f17f68fc13056d480b0a47d" "Mozilla/5.0 (Windows NT 10.0; Win64; x64) AppleWebKit/537.36 (KHTML, like Gecko) Chrome/83.0.4103.116 Safari/537.36"
::1 - - [22/Jul/2020:08:20:26 +0000] "POST /post/create HTTP/1.1" 200 302 "http://localhost:8000/home" "Mozilla/5.0 (Windows NT 10.0; Win64; x64) AppleWebKit/537.36 (KHTML, like Gecko) Chrome/83.0.4103.116 Safari/537.36"
::1 - - [22/Jul/2020:08:20:26 +0000] "GET /undefined HTTP/1.1" 404 148 "http://localhost:8000/home" "Mozilla/5.0 (Windows NT 10.0; Win64; x64) AppleWebKit/537.36 (KHTML, like Gecko) Chrome/83.0.4103.116 Safari/537.36"
::1 - - [22/Jul/2020:08:20:28 +0000] "POST /comment/create HTTP/1.1" 200 327 "http://localhost:8000/home" "Mozilla/5.0 (Windows NT 10.0; Win64; x64) AppleWebKit/537.36 (KHTML, like Gecko) Chrome/83.0.4103.116 Safari/537.36"
::1 - - [22/Jul/2020:08:20:28 +0000] "GET /undefined HTTP/1.1" 404 148 "http://localhost:8000/home" "Mozilla/5.0 (Windows NT 10.0; Win64; x64) AppleWebKit/537.36 (KHTML, like Gecko) Chrome/83.0.4103.116 Safari/537.36"
::1 - - [22/Jul/2020:08:20:30 +0000] "GET /home HTTP/1.1" 200 11334 "http://localhost:8000/users/profile/5f17f68fc13056d480b0a47d" "Mozilla/5.0 (Windows NT 10.0; Win64; x64) AppleWebKit/537.36 (KHTML, like Gecko) Chrome/83.0.4103.116 Safari/537.36"
::1 - - [22/Jul/2020:08:22:20 +0000] "POST /post/create HTTP/1.1" 200 302 "http://localhost:8000/home" "Mozilla/5.0 (Windows NT 10.0; Win64; x64) AppleWebKit/537.36 (KHTML, like Gecko) Chrome/83.0.4103.116 Safari/537.36"
::1 - - [22/Jul/2020:08:22:20 +0000] "GET /undefined HTTP/1.1" 404 148 "http://localhost:8000/home" "Mozilla/5.0 (Windows NT 10.0; Win64; x64) AppleWebKit/537.36 (KHTML, like Gecko) Chrome/83.0.4103.116 Safari/537.36"
::1 - - [22/Jul/2020:08:22:21 +0000] "POST /comment/create HTTP/1.1" 200 328 "http://localhost:8000/home" "Mozilla/5.0 (Windows NT 10.0; Win64; x64) AppleWebKit/537.36 (KHTML, like Gecko) Chrome/83.0.4103.116 Safari/537.36"
::1 - - [22/Jul/2020:08:22:21 +0000] "GET /undefined HTTP/1.1" 404 148 "http://localhost:8000/home" "Mozilla/5.0 (Windows NT 10.0; Win64; x64) AppleWebKit/537.36 (KHTML, like Gecko) Chrome/83.0.4103.116 Safari/537.36"
::1 - - [22/Jul/2020:08:25:09 +0000] "GET /home HTTP/1.1" 200 13383 "http://localhost:8000/users/profile/5f17f68fc13056d480b0a47d" "Mozilla/5.0 (Windows NT 10.0; Win64; x64) AppleWebKit/537.36 (KHTML, like Gecko) Chrome/83.0.4103.116 Safari/537.36"
::1 - - [22/Jul/2020:08:25:13 +0000] "POST /post/create HTTP/1.1" 200 301 "http://localhost:8000/home" "Mozilla/5.0 (Windows NT 10.0; Win64; x64) AppleWebKit/537.36 (KHTML, like Gecko) Chrome/83.0.4103.116 Safari/537.36"
::1 - - [22/Jul/2020:08:25:13 +0000] "GET /undefined HTTP/1.1" 404 148 "http://localhost:8000/home" "Mozilla/5.0 (Windows NT 10.0; Win64; x64) AppleWebKit/537.36 (KHTML, like Gecko) Chrome/83.0.4103.116 Safari/537.36"
::1 - - [22/Jul/2020:08:25:15 +0000] "POST /comment/create HTTP/1.1" 200 327 "http://localhost:8000/home" "Mozilla/5.0 (Windows NT 10.0; Win64; x64) AppleWebKit/537.36 (KHTML, like Gecko) Chrome/83.0.4103.116 Safari/537.36"
::1 - - [22/Jul/2020:08:25:15 +0000] "GET /undefined HTTP/1.1" 404 148 "http://localhost:8000/home" "Mozilla/5.0 (Windows NT 10.0; Win64; x64) AppleWebKit/537.36 (KHTML, like Gecko) Chrome/83.0.4103.116 Safari/537.36"
::1 - - [22/Jul/2020:08:25:18 +0000] "POST /comment/create HTTP/1.1" 200 327 "http://localhost:8000/home" "Mozilla/5.0 (Windows NT 10.0; Win64; x64) AppleWebKit/537.36 (KHTML, like Gecko) Chrome/83.0.4103.116 Safari/537.36"
::1 - - [22/Jul/2020:08:25:18 +0000] "GET /undefined HTTP/1.1" 404 148 "http://localhost:8000/home" "Mozilla/5.0 (Windows NT 10.0; Win64; x64) AppleWebKit/537.36 (KHTML, like Gecko) Chrome/83.0.4103.116 Safari/537.36"
::1 - - [22/Jul/2020:08:25:23 +0000] "POST /comment/create HTTP/1.1" 200 327 "http://localhost:8000/home" "Mozilla/5.0 (Windows NT 10.0; Win64; x64) AppleWebKit/537.36 (KHTML, like Gecko) Chrome/83.0.4103.116 Safari/537.36"
::1 - - [22/Jul/2020:08:25:23 +0000] "GET /undefined HTTP/1.1" 404 148 "http://localhost:8000/home" "Mozilla/5.0 (Windows NT 10.0; Win64; x64) AppleWebKit/537.36 (KHTML, like Gecko) Chrome/83.0.4103.116 Safari/537.36"
::1 - - [22/Jul/2020:08:25:28 +0000] "GET /home HTTP/1.1" 200 16886 "http://localhost:8000/users/profile/5f17f68fc13056d480b0a47d" "Mozilla/5.0 (Windows NT 10.0; Win64; x64) AppleWebKit/537.36 (KHTML, like Gecko) Chrome/83.0.4103.116 Safari/537.36"
::1 - - [22/Jul/2020:08:25:39 +0000] "GET /home HTTP/1.1" 304 - "http://localhost:8000/users/profile/5f17f68fc13056d480b0a47d" "Mozilla/5.0 (Windows NT 10.0; Win64; x64) AppleWebKit/537.36 (KHTML, like Gecko) Chrome/83.0.4103.116 Safari/537.36"
::1 - - [22/Jul/2020:08:28:18 +0000] "GET /users/profile/5f17f68fc13056d480b0a47d HTTP/1.1" 304 - "http://localhost:8000/home" "Mozilla/5.0 (Windows NT 10.0; Win64; x64) AppleWebKit/537.36 (KHTML, like Gecko) Chrome/83.0.4103.116 Safari/537.36"
::1 - - [23/Jul/2020:05:41:51 +0000] "GET / HTTP/1.1" 200 4284 "-" "Mozilla/5.0 (Windows NT 10.0; Win64; x64) AppleWebKit/537.36 (KHTML, like Gecko) Chrome/83.0.4103.116 Safari/537.36"
::1 - - [23/Jul/2020:05:41:54 +0000] "GET /sign-in HTTP/1.1" 200 3550 "http://localhost:8000/" "Mozilla/5.0 (Windows NT 10.0; Win64; x64) AppleWebKit/537.36 (KHTML, like Gecko) Chrome/83.0.4103.116 Safari/537.36"
::1 - - [23/Jul/2020:05:41:56 +0000] "POST /users/create_session HTTP/1.1" 302 54 "http://localhost:8000/sign-in" "Mozilla/5.0 (Windows NT 10.0; Win64; x64) AppleWebKit/537.36 (KHTML, like Gecko) Chrome/83.0.4103.116 Safari/537.36"
::1 - - [23/Jul/2020:05:41:56 +0000] "GET /home HTTP/1.1" 200 16318 "http://localhost:8000/sign-in" "Mozilla/5.0 (Windows NT 10.0; Win64; x64) AppleWebKit/537.36 (KHTML, like Gecko) Chrome/83.0.4103.116 Safari/537.36"
::1 - - [23/Jul/2020:05:42:01 +0000] "POST /post/create HTTP/1.1" 200 295 "http://localhost:8000/home" "Mozilla/5.0 (Windows NT 10.0; Win64; x64) AppleWebKit/537.36 (KHTML, like Gecko) Chrome/83.0.4103.116 Safari/537.36"
::1 - - [23/Jul/2020:05:42:01 +0000] "GET /undefined HTTP/1.1" 404 148 "http://localhost:8000/home" "Mozilla/5.0 (Windows NT 10.0; Win64; x64) AppleWebKit/537.36 (KHTML, like Gecko) Chrome/83.0.4103.116 Safari/537.36"
::1 - - [23/Jul/2020:05:43:44 +0000] "POST /post/create HTTP/1.1" 200 295 "http://localhost:8000/home" "Mozilla/5.0 (Windows NT 10.0; Win64; x64) AppleWebKit/537.36 (KHTML, like Gecko) Chrome/83.0.4103.116 Safari/537.36"
::1 - - [23/Jul/2020:05:43:44 +0000] "GET /undefined HTTP/1.1" 404 148 "http://localhost:8000/home" "Mozilla/5.0 (Windows NT 10.0; Win64; x64) AppleWebKit/537.36 (KHTML, like Gecko) Chrome/83.0.4103.116 Safari/537.36"
::1 - - [23/Jul/2020:05:44:12 +0000] "POST /post/create HTTP/1.1" 200 295 "http://localhost:8000/home" "Mozilla/5.0 (Windows NT 10.0; Win64; x64) AppleWebKit/537.36 (KHTML, like Gecko) Chrome/83.0.4103.116 Safari/537.36"
::1 - - [23/Jul/2020:05:44:12 +0000] "GET /undefined HTTP/1.1" 404 148 "http://localhost:8000/home" "Mozilla/5.0 (Windows NT 10.0; Win64; x64) AppleWebKit/537.36 (KHTML, like Gecko) Chrome/83.0.4103.116 Safari/537.36"
::1 - - [23/Jul/2020:05:44:15 +0000] "POST /post/create HTTP/1.1" 200 295 "http://localhost:8000/home" "Mozilla/5.0 (Windows NT 10.0; Win64; x64) AppleWebKit/537.36 (KHTML, like Gecko) Chrome/83.0.4103.116 Safari/537.36"
::1 - - [23/Jul/2020:05:44:15 +0000] "GET /undefined HTTP/1.1" 404 148 "http://localhost:8000/home" "Mozilla/5.0 (Windows NT 10.0; Win64; x64) AppleWebKit/537.36 (KHTML, like Gecko) Chrome/83.0.4103.116 Safari/537.36"
::1 - - [23/Jul/2020:05:45:19 +0000] "GET /home HTTP/1.1" 200 21318 "http://localhost:8000/sign-in" "Mozilla/5.0 (Windows NT 10.0; Win64; x64) AppleWebKit/537.36 (KHTML, like Gecko) Chrome/83.0.4103.116 Safari/537.36"
::1 - - [23/Jul/2020:05:45:24 +0000] "POST /post/create HTTP/1.1" 200 295 "http://localhost:8000/home" "Mozilla/5.0 (Windows NT 10.0; Win64; x64) AppleWebKit/537.36 (KHTML, like Gecko) Chrome/83.0.4103.116 Safari/537.36"
::1 - - [23/Jul/2020:05:45:24 +0000] "GET /undefined HTTP/1.1" 404 148 "http://localhost:8000/home" "Mozilla/5.0 (Windows NT 10.0; Win64; x64) AppleWebKit/537.36 (KHTML, like Gecko) Chrome/83.0.4103.116 Safari/537.36"
::1 - - [23/Jul/2020:05:45:41 +0000] "GET /home HTTP/1.1" 200 22631 "http://localhost:8000/sign-in" "Mozilla/5.0 (Windows NT 10.0; Win64; x64) AppleWebKit/537.36 (KHTML, like Gecko) Chrome/83.0.4103.116 Safari/537.36"
::1 - - [23/Jul/2020:05:45:44 +0000] "POST /post/create HTTP/1.1" 200 295 "http://localhost:8000/home" "Mozilla/5.0 (Windows NT 10.0; Win64; x64) AppleWebKit/537.36 (KHTML, like Gecko) Chrome/83.0.4103.116 Safari/537.36"
::1 - - [23/Jul/2020:05:45:45 +0000] "GET /undefined HTTP/1.1" 404 148 "http://localhost:8000/home" "Mozilla/5.0 (Windows NT 10.0; Win64; x64) AppleWebKit/537.36 (KHTML, like Gecko) Chrome/83.0.4103.116 Safari/537.36"
::1 - - [23/Jul/2020:05:48:59 +0000] "GET /home HTTP/1.1" 200 23944 "http://localhost:8000/sign-in" "Mozilla/5.0 (Windows NT 10.0; Win64; x64) AppleWebKit/537.36 (KHTML, like Gecko) Chrome/83.0.4103.116 Safari/537.36"
::1 - - [23/Jul/2020:05:49:24 +0000] "POST /post/create HTTP/1.1" 200 295 "http://localhost:8000/home" "Mozilla/5.0 (Windows NT 10.0; Win64; x64) AppleWebKit/537.36 (KHTML, like Gecko) Chrome/83.0.4103.116 Safari/537.36"
::1 - - [23/Jul/2020:05:49:24 +0000] "GET /undefined HTTP/1.1" 404 148 "http://localhost:8000/home" "Mozilla/5.0 (Windows NT 10.0; Win64; x64) AppleWebKit/537.36 (KHTML, like Gecko) Chrome/83.0.4103.116 Safari/537.36"
::1 - - [23/Jul/2020:05:50:47 +0000] "GET /home HTTP/1.1" 200 25257 "http://localhost:8000/sign-in" "Mozilla/5.0 (Windows NT 10.0; Win64; x64) AppleWebKit/537.36 (KHTML, like Gecko) Chrome/83.0.4103.116 Safari/537.36"
::1 - - [23/Jul/2020:05:50:53 +0000] "POST /post/create HTTP/1.1" 200 295 "http://localhost:8000/home" "Mozilla/5.0 (Windows NT 10.0; Win64; x64) AppleWebKit/537.36 (KHTML, like Gecko) Chrome/83.0.4103.116 Safari/537.36"
::1 - - [23/Jul/2020:05:50:53 +0000] "GET /undefined HTTP/1.1" 404 148 "http://localhost:8000/home" "Mozilla/5.0 (Windows NT 10.0; Win64; x64) AppleWebKit/537.36 (KHTML, like Gecko) Chrome/83.0.4103.116 Safari/537.36"
::1 - - [23/Jul/2020:05:54:21 +0000] "GET /home HTTP/1.1" 200 26570 "http://localhost:8000/sign-in" "Mozilla/5.0 (Windows NT 10.0; Win64; x64) AppleWebKit/537.36 (KHTML, like Gecko) Chrome/83.0.4103.116 Safari/537.36"
::1 - - [23/Jul/2020:05:54:29 +0000] "POST /post/create HTTP/1.1" 200 295 "http://localhost:8000/home" "Mozilla/5.0 (Windows NT 10.0; Win64; x64) AppleWebKit/537.36 (KHTML, like Gecko) Chrome/83.0.4103.116 Safari/537.36"
::1 - - [23/Jul/2020:05:54:29 +0000] "GET /undefined HTTP/1.1" 404 148 "http://localhost:8000/home" "Mozilla/5.0 (Windows NT 10.0; Win64; x64) AppleWebKit/537.36 (KHTML, like Gecko) Chrome/83.0.4103.116 Safari/537.36"
::1 - - [23/Jul/2020:05:57:19 +0000] "GET /home HTTP/1.1" 200 27883 "http://localhost:8000/sign-in" "Mozilla/5.0 (Windows NT 10.0; Win64; x64) AppleWebKit/537.36 (KHTML, like Gecko) Chrome/83.0.4103.116 Safari/537.36"
::1 - - [23/Jul/2020:05:57:26 +0000] "POST /post/create HTTP/1.1" 200 295 "http://localhost:8000/home" "Mozilla/5.0 (Windows NT 10.0; Win64; x64) AppleWebKit/537.36 (KHTML, like Gecko) Chrome/83.0.4103.116 Safari/537.36"
::1 - - [23/Jul/2020:05:57:26 +0000] "GET /undefined HTTP/1.1" 404 148 "http://localhost:8000/home" "Mozilla/5.0 (Windows NT 10.0; Win64; x64) AppleWebKit/537.36 (KHTML, like Gecko) Chrome/83.0.4103.116 Safari/537.36"
::1 - - [23/Jul/2020:06:01:10 +0000] "GET /home HTTP/1.1" 200 29196 "http://localhost:8000/sign-in" "Mozilla/5.0 (Windows NT 10.0; Win64; x64) AppleWebKit/537.36 (KHTML, like Gecko) Chrome/83.0.4103.116 Safari/537.36"
::1 - - [23/Jul/2020:06:01:23 +0000] "POST /post/create HTTP/1.1" 200 296 "http://localhost:8000/home" "Mozilla/5.0 (Windows NT 10.0; Win64; x64) AppleWebKit/537.36 (KHTML, like Gecko) Chrome/83.0.4103.116 Safari/537.36"
::1 - - [23/Jul/2020:06:01:23 +0000] "GET /undefined HTTP/1.1" 404 148 "http://localhost:8000/home" "Mozilla/5.0 (Windows NT 10.0; Win64; x64) AppleWebKit/537.36 (KHTML, like Gecko) Chrome/83.0.4103.116 Safari/537.36"
::1 - - [23/Jul/2020:06:02:45 +0000] "GET /home HTTP/1.1" 200 30510 "http://localhost:8000/sign-in" "Mozilla/5.0 (Windows NT 10.0; Win64; x64) AppleWebKit/537.36 (KHTML, like Gecko) Chrome/83.0.4103.116 Safari/537.36"
::1 - - [23/Jul/2020:06:02:55 +0000] "POST /post/create HTTP/1.1" 200 294 "http://localhost:8000/home" "Mozilla/5.0 (Windows NT 10.0; Win64; x64) AppleWebKit/537.36 (KHTML, like Gecko) Chrome/83.0.4103.116 Safari/537.36"
::1 - - [23/Jul/2020:06:02:55 +0000] "GET /undefined HTTP/1.1" 404 148 "http://localhost:8000/home" "Mozilla/5.0 (Windows NT 10.0; Win64; x64) AppleWebKit/537.36 (KHTML, like Gecko) Chrome/83.0.4103.116 Safari/537.36"
::1 - - [23/Jul/2020:06:04:46 +0000] "GET /home HTTP/1.1" 200 31822 "http://localhost:8000/sign-in" "Mozilla/5.0 (Windows NT 10.0; Win64; x64) AppleWebKit/537.36 (KHTML, like Gecko) Chrome/83.0.4103.116 Safari/537.36"
::1 - - [23/Jul/2020:06:04:54 +0000] "POST /post/create HTTP/1.1" 200 300 "http://localhost:8000/home" "Mozilla/5.0 (Windows NT 10.0; Win64; x64) AppleWebKit/537.36 (KHTML, like Gecko) Chrome/83.0.4103.116 Safari/537.36"
::1 - - [23/Jul/2020:06:04:54 +0000] "GET /undefined HTTP/1.1" 404 148 "http://localhost:8000/home" "Mozilla/5.0 (Windows NT 10.0; Win64; x64) AppleWebKit/537.36 (KHTML, like Gecko) Chrome/83.0.4103.116 Safari/537.36"
::1 - - [23/Jul/2020:06:05:00 +0000] "GET /post/delete/5f19288613be32c2bc1a4129 HTTP/1.1" 200 66 "http://localhost:8000/home" "Mozilla/5.0 (Windows NT 10.0; Win64; x64) AppleWebKit/537.36 (KHTML, like Gecko) Chrome/83.0.4103.116 Safari/537.36"
::1 - - [23/Jul/2020:06:05:02 +0000] "GET /post/delete/5f19280fbc6a69d684f026fa HTTP/1.1" 200 66 "http://localhost:8000/home" "Mozilla/5.0 (Windows NT 10.0; Win64; x64) AppleWebKit/537.36 (KHTML, like Gecko) Chrome/83.0.4103.116 Safari/537.36"
::1 - - [23/Jul/2020:06:05:04 +0000] "GET /post/delete/5f1927b3733a202614f2e529 HTTP/1.1" 200 66 "http://localhost:8000/home" "Mozilla/5.0 (Windows NT 10.0; Win64; x64) AppleWebKit/537.36 (KHTML, like Gecko) Chrome/83.0.4103.116 Safari/537.36"
::1 - - [23/Jul/2020:06:05:13 +0000] "GET /post/delete/5f1926c6fad3f5b6dc3e817c HTTP/1.1" 200 66 "http://localhost:8000/home" "Mozilla/5.0 (Windows NT 10.0; Win64; x64) AppleWebKit/537.36 (KHTML, like Gecko) Chrome/83.0.4103.116 Safari/537.36"
::1 - - [23/Jul/2020:06:05:14 +0000] "GET /post/delete/5f19261522160da524c30564 HTTP/1.1" 200 66 "http://localhost:8000/home" "Mozilla/5.0 (Windows NT 10.0; Win64; x64) AppleWebKit/537.36 (KHTML, like Gecko) Chrome/83.0.4103.116 Safari/537.36"
::1 - - [23/Jul/2020:06:05:27 +0000] "GET / HTTP/1.1" 200 4284 "-" "Mozilla/5.0 (Windows NT 10.0; Win64; x64) AppleWebKit/537.36 (KHTML, like Gecko) Chrome/83.0.4103.116 Safari/537.36"
::1 - - [23/Jul/2020:06:05:34 +0000] "GET /sign-in HTTP/1.1" 200 3550 "http://localhost:8000/" "Mozilla/5.0 (Windows NT 10.0; Win64; x64) AppleWebKit/537.36 (KHTML, like Gecko) Chrome/83.0.4103.116 Safari/537.36"
::1 - - [23/Jul/2020:06:05:50 +0000] "GET /sign-in HTTP/1.1" 304 - "http://localhost:8000/sign-in" "Mozilla/5.0 (Windows NT 10.0; Win64; x64) AppleWebKit/537.36 (KHTML, like Gecko) Chrome/83.0.4103.116 Safari/537.36"
::1 - - [23/Jul/2020:06:05:54 +0000] "POST /users/create_session HTTP/1.1" 302 54 "http://localhost:8000/sign-in" "Mozilla/5.0 (Windows NT 10.0; Win64; x64) AppleWebKit/537.36 (KHTML, like Gecko) Chrome/83.0.4103.116 Safari/537.36"
::1 - - [23/Jul/2020:06:05:54 +0000] "GET /home HTTP/1.1" 200 26822 "http://localhost:8000/sign-in" "Mozilla/5.0 (Windows NT 10.0; Win64; x64) AppleWebKit/537.36 (KHTML, like Gecko) Chrome/83.0.4103.116 Safari/537.36"
::1 - - [23/Jul/2020:06:06:00 +0000] "POST /post/create HTTP/1.1" 200 296 "http://localhost:8000/home" "Mozilla/5.0 (Windows NT 10.0; Win64; x64) AppleWebKit/537.36 (KHTML, like Gecko) Chrome/83.0.4103.116 Safari/537.36"
::1 - - [23/Jul/2020:06:06:00 +0000] "GET /undefined HTTP/1.1" 404 148 "http://localhost:8000/home" "Mozilla/5.0 (Windows NT 10.0; Win64; x64) AppleWebKit/537.36 (KHTML, like Gecko) Chrome/83.0.4103.116 Safari/537.36"
::1 - - [23/Jul/2020:06:08:34 +0000] "GET /home HTTP/1.1" 200 27884 "http://localhost:8000/sign-in" "Mozilla/5.0 (Windows NT 10.0; Win64; x64) AppleWebKit/537.36 (KHTML, like Gecko) Chrome/83.0.4103.116 Safari/537.36"
::1 - - [23/Jul/2020:06:08:38 +0000] "POST /post/create HTTP/1.1" 200 295 "http://localhost:8000/home" "Mozilla/5.0 (Windows NT 10.0; Win64; x64) AppleWebKit/537.36 (KHTML, like Gecko) Chrome/83.0.4103.116 Safari/537.36"
::1 - - [23/Jul/2020:06:09:13 +0000] "GET /home HTTP/1.1" 200 29197 "http://localhost:8000/sign-in" "Mozilla/5.0 (Windows NT 10.0; Win64; x64) AppleWebKit/537.36 (KHTML, like Gecko) Chrome/83.0.4103.116 Safari/537.36"
::1 - - [23/Jul/2020:06:09:17 +0000] "POST /post/create HTTP/1.1" 200 295 "http://localhost:8000/home" "Mozilla/5.0 (Windows NT 10.0; Win64; x64) AppleWebKit/537.36 (KHTML, like Gecko) Chrome/83.0.4103.116 Safari/537.36"
::1 - - [23/Jul/2020:06:14:19 +0000] "GET /home HTTP/1.1" 200 30510 "http://localhost:8000/sign-in" "Mozilla/5.0 (Windows NT 10.0; Win64; x64) AppleWebKit/537.36 (KHTML, like Gecko) Chrome/83.0.4103.116 Safari/537.36"
::1 - - [23/Jul/2020:06:14:24 +0000] "POST /post/create HTTP/1.1" 200 295 "http://localhost:8000/home" "Mozilla/5.0 (Windows NT 10.0; Win64; x64) AppleWebKit/537.36 (KHTML, like Gecko) Chrome/83.0.4103.116 Safari/537.36"
::1 - - [23/Jul/2020:06:14:47 +0000] "GET /home HTTP/1.1" 200 31823 "http://localhost:8000/sign-in" "Mozilla/5.0 (Windows NT 10.0; Win64; x64) AppleWebKit/537.36 (KHTML, like Gecko) Chrome/83.0.4103.116 Safari/537.36"
::1 - - [23/Jul/2020:06:14:50 +0000] "POST /post/create HTTP/1.1" 200 295 "http://localhost:8000/home" "Mozilla/5.0 (Windows NT 10.0; Win64; x64) AppleWebKit/537.36 (KHTML, like Gecko) Chrome/83.0.4103.116 Safari/537.36"
::1 - - [23/Jul/2020:06:14:58 +0000] "POST /post/create HTTP/1.1" 200 295 "http://localhost:8000/home" "Mozilla/5.0 (Windows NT 10.0; Win64; x64) AppleWebKit/537.36 (KHTML, like Gecko) Chrome/83.0.4103.116 Safari/537.36"
::1 - - [23/Jul/2020:06:16:05 +0000] "GET /home HTTP/1.1" 200 34449 "http://localhost:8000/sign-in" "Mozilla/5.0 (Windows NT 10.0; Win64; x64) AppleWebKit/537.36 (KHTML, like Gecko) Chrome/83.0.4103.116 Safari/537.36"
::1 - - [23/Jul/2020:06:16:10 +0000] "POST /post/create HTTP/1.1" 200 295 "http://localhost:8000/home" "Mozilla/5.0 (Windows NT 10.0; Win64; x64) AppleWebKit/537.36 (KHTML, like Gecko) Chrome/83.0.4103.116 Safari/537.36"
::1 - - [23/Jul/2020:06:19:23 +0000] "GET /home HTTP/1.1" 200 35762 "http://localhost:8000/sign-in" "Mozilla/5.0 (Windows NT 10.0; Win64; x64) AppleWebKit/537.36 (KHTML, like Gecko) Chrome/83.0.4103.116 Safari/537.36"
::1 - - [23/Jul/2020:06:19:27 +0000] "POST /post/create HTTP/1.1" 200 295 "http://localhost:8000/home" "Mozilla/5.0 (Windows NT 10.0; Win64; x64) AppleWebKit/537.36 (KHTML, like Gecko) Chrome/83.0.4103.116 Safari/537.36"
::1 - - [23/Jul/2020:06:21:37 +0000] "GET /home HTTP/1.1" 200 37075 "http://localhost:8000/sign-in" "Mozilla/5.0 (Windows NT 10.0; Win64; x64) AppleWebKit/537.36 (KHTML, like Gecko) Chrome/83.0.4103.116 Safari/537.36"
::1 - - [23/Jul/2020:06:21:42 +0000] "POST /post/create HTTP/1.1" 200 298 "http://localhost:8000/home" "Mozilla/5.0 (Windows NT 10.0; Win64; x64) AppleWebKit/537.36 (KHTML, like Gecko) Chrome/83.0.4103.116 Safari/537.36"
::1 - - [23/Jul/2020:06:21:44 +0000] "POST /post/create HTTP/1.1" 200 295 "http://localhost:8000/home" "Mozilla/5.0 (Windows NT 10.0; Win64; x64) AppleWebKit/537.36 (KHTML, like Gecko) Chrome/83.0.4103.116 Safari/537.36"
::1 - - [23/Jul/2020:06:21:52 +0000] "POST /post/create HTTP/1.1" 200 295 "http://localhost:8000/home" "Mozilla/5.0 (Linux; Android 6.0.1; Moto G (4)) AppleWebKit/537.36 (KHTML, like Gecko) Chrome/83.0.4103.116 Mobile Safari/537.36"
::1 - - [23/Jul/2020:06:22:06 +0000] "POST /comment/create HTTP/1.1" 200 323 "http://localhost:8000/home" "Mozilla/5.0 (Linux; Android 6.0.1; Moto G (4)) AppleWebKit/537.36 (KHTML, like Gecko) Chrome/83.0.4103.116 Mobile Safari/537.36"
::1 - - [23/Jul/2020:06:22:06 +0000] "GET /undefined HTTP/1.1" 404 148 "http://localhost:8000/home" "Mozilla/5.0 (Linux; Android 6.0.1; Moto G (4)) AppleWebKit/537.36 (KHTML, like Gecko) Chrome/83.0.4103.116 Mobile Safari/537.36"
::1 - - [23/Jul/2020:06:25:08 +0000] "GET /home HTTP/1.1" 200 41741 "http://localhost:8000/sign-in" "Mozilla/5.0 (Windows NT 10.0; Win64; x64) AppleWebKit/537.36 (KHTML, like Gecko) Chrome/83.0.4103.116 Safari/537.36"
::1 - - [23/Jul/2020:06:25:15 +0000] "POST /post/create HTTP/1.1" 200 295 "http://localhost:8000/home" "Mozilla/5.0 (Windows NT 10.0; Win64; x64) AppleWebKit/537.36 (KHTML, like Gecko) Chrome/83.0.4103.116 Safari/537.36"
::1 - - [23/Jul/2020:06:25:19 +0000] "POST /comment/create HTTP/1.1" 200 321 "http://localhost:8000/home" "Mozilla/5.0 (Windows NT 10.0; Win64; x64) AppleWebKit/537.36 (KHTML, like Gecko) Chrome/83.0.4103.116 Safari/537.36"
::1 - - [23/Jul/2020:06:25:50 +0000] "POST /likes/toggle/?id=5f192d4be7300c1538f568b6&type=Post HTTP/1.1" 200 52 "http://localhost:8000/home" "Mozilla/5.0 (Linux; Android 6.0.1; Moto G (4)) AppleWebKit/537.36 (KHTML, like Gecko) Chrome/83.0.4103.116 Mobile Safari/537.36"
::1 - - [23/Jul/2020:06:25:51 +0000] "POST /likes/toggle/?id=5f192d4be7300c1538f568b6&type=Post HTTP/1.1" 200 51 "http://localhost:8000/home" "Mozilla/5.0 (Linux; Android 6.0.1; Moto G (4)) AppleWebKit/537.36 (KHTML, like Gecko) Chrome/83.0.4103.116 Mobile Safari/537.36"
::1 - - [23/Jul/2020:06:25:52 +0000] "POST /likes/toggle/?id=5f192d4fe7300c1538f568b7&type=Comment HTTP/1.1" 200 52 "http://localhost:8000/home" "Mozilla/5.0 (Linux; Android 6.0.1; Moto G (4)) AppleWebKit/537.36 (KHTML, like Gecko) Chrome/83.0.4103.116 Mobile Safari/537.36"
::1 - - [23/Jul/2020:06:25:53 +0000] "POST /likes/toggle/?id=5f192d4fe7300c1538f568b7&type=Comment HTTP/1.1" 200 51 "http://localhost:8000/home" "Mozilla/5.0 (Linux; Android 6.0.1; Moto G (4)) AppleWebKit/537.36 (KHTML, like Gecko) Chrome/83.0.4103.116 Mobile Safari/537.36"
::1 - - [23/Jul/2020:06:26:05 +0000] "GET /users/profile/5f17f49fc13056d480b0a479 HTTP/1.1" 304 - "http://localhost:8000/home" "Mozilla/5.0 (Linux; Android 6.0.1; Moto G (4)) AppleWebKit/537.36 (KHTML, like Gecko) Chrome/83.0.4103.116 Mobile Safari/537.36"
::1 - - [23/Jul/2020:06:26:15 +0000] "GET /home HTTP/1.1" 200 43776 "http://localhost:8000/users/profile/5f17f49fc13056d480b0a479" "Mozilla/5.0 (Linux; Android 6.0.1; Moto G (4)) AppleWebKit/537.36 (KHTML, like Gecko) Chrome/83.0.4103.116 Mobile Safari/537.36"
::1 - - [23/Jul/2020:06:27:33 +0000] "GET /home HTTP/1.1" 304 - "http://localhost:8000/home" "Mozilla/5.0 (Windows NT 10.0; Win64; x64) AppleWebKit/537.36 (KHTML, like Gecko) Chrome/83.0.4103.116 Safari/537.36"
::1 - - [23/Jul/2020:06:27:38 +0000] "GET /users/profile/5f17f49fc13056d480b0a479 HTTP/1.1" 304 - "http://localhost:8000/home" "Mozilla/5.0 (Windows NT 10.0; Win64; x64) AppleWebKit/537.36 (KHTML, like Gecko) Chrome/83.0.4103.116 Safari/537.36"
::1 - - [23/Jul/2020:06:27:41 +0000] "GET /home HTTP/1.1" 304 - "http://localhost:8000/users/profile/5f17f49fc13056d480b0a479" "Mozilla/5.0 (Windows NT 10.0; Win64; x64) AppleWebKit/537.36 (KHTML, like Gecko) Chrome/83.0.4103.116 Safari/537.36"
::1 - - [23/Jul/2020:06:27:50 +0000] "GET /post/delete/5f192d4be7300c1538f568b6 HTTP/1.1" 200 66 "http://localhost:8000/home" "Mozilla/5.0 (Windows NT 10.0; Win64; x64) AppleWebKit/537.36 (KHTML, like Gecko) Chrome/83.0.4103.116 Safari/537.36"
::1 - - [23/Jul/2020:06:27:50 +0000] "GET /post/delete/5f192c80769a4acc303ac940 HTTP/1.1" 200 66 "http://localhost:8000/home" "Mozilla/5.0 (Windows NT 10.0; Win64; x64) AppleWebKit/537.36 (KHTML, like Gecko) Chrome/83.0.4103.116 Safari/537.36"
::1 - - [23/Jul/2020:06:27:50 +0000] "GET /post/delete/5f192c78769a4acc303ac93f HTTP/1.1" 200 66 "http://localhost:8000/home" "Mozilla/5.0 (Windows NT 10.0; Win64; x64) AppleWebKit/537.36 (KHTML, like Gecko) Chrome/83.0.4103.116 Safari/537.36"
::1 - - [23/Jul/2020:06:27:51 +0000] "GET /post/delete/5f192c76769a4acc303ac93e HTTP/1.1" 200 66 "http://localhost:8000/home" "Mozilla/5.0 (Windows NT 10.0; Win64; x64) AppleWebKit/537.36 (KHTML, like Gecko) Chrome/83.0.4103.116 Safari/537.36"
::1 - - [23/Jul/2020:06:27:51 +0000] "GET /post/delete/5f192bef36bd4a2c64df25b6 HTTP/1.1" 200 66 "http://localhost:8000/home" "Mozilla/5.0 (Windows NT 10.0; Win64; x64) AppleWebKit/537.36 (KHTML, like Gecko) Chrome/83.0.4103.116 Safari/537.36"
::1 - - [23/Jul/2020:06:27:51 +0000] "GET /post/delete/5f192b2aeb9482d7b4d86d64 HTTP/1.1" 200 66 "http://localhost:8000/home" "Mozilla/5.0 (Windows NT 10.0; Win64; x64) AppleWebKit/537.36 (KHTML, like Gecko) Chrome/83.0.4103.116 Safari/537.36"
::1 - - [23/Jul/2020:06:27:51 +0000] "GET /post/delete/5f192ae21c7c390edc624055 HTTP/1.1" 200 66 "http://localhost:8000/home" "Mozilla/5.0 (Windows NT 10.0; Win64; x64) AppleWebKit/537.36 (KHTML, like Gecko) Chrome/83.0.4103.116 Safari/537.36"
::1 - - [23/Jul/2020:06:27:51 +0000] "GET /post/delete/5f192ada1c7c390edc624054 HTTP/1.1" 200 66 "http://localhost:8000/home" "Mozilla/5.0 (Windows NT 10.0; Win64; x64) AppleWebKit/537.36 (KHTML, like Gecko) Chrome/83.0.4103.116 Safari/537.36"
::1 - - [23/Jul/2020:06:27:51 +0000] "GET /post/delete/5f192ac0f0594ea32865b161 HTTP/1.1" 200 66 "http://localhost:8000/home" "Mozilla/5.0 (Windows NT 10.0; Win64; x64) AppleWebKit/537.36 (KHTML, like Gecko) Chrome/83.0.4103.116 Safari/537.36"
::1 - - [23/Jul/2020:06:27:51 +0000] "GET /post/delete/5f19298dd70e026a942f6298 HTTP/1.1" 200 66 "http://localhost:8000/home" "Mozilla/5.0 (Windows NT 10.0; Win64; x64) AppleWebKit/537.36 (KHTML, like Gecko) Chrome/83.0.4103.116 Safari/537.36"
::1 - - [23/Jul/2020:06:27:52 +0000] "GET /post/delete/5f192966b8d2bf9cfc16b146 HTTP/1.1" 200 66 "http://localhost:8000/home" "Mozilla/5.0 (Windows NT 10.0; Win64; x64) AppleWebKit/537.36 (KHTML, like Gecko) Chrome/83.0.4103.116 Safari/537.36"
::1 - - [23/Jul/2020:06:27:52 +0000] "GET /post/delete/5f1928c813be32c2bc1a412a HTTP/1.1" 200 66 "http://localhost:8000/home" "Mozilla/5.0 (Windows NT 10.0; Win64; x64) AppleWebKit/537.36 (KHTML, like Gecko) Chrome/83.0.4103.116 Safari/537.36"
::1 - - [23/Jul/2020:06:27:52 +0000] "GET /post/delete/5f19253d342abaa93093a65b HTTP/1.1" 200 66 "http://localhost:8000/home" "Mozilla/5.0 (Windows NT 10.0; Win64; x64) AppleWebKit/537.36 (KHTML, like Gecko) Chrome/83.0.4103.116 Safari/537.36"
::1 - - [23/Jul/2020:06:27:52 +0000] "GET /post/delete/5f1924e4e7265fafb4dafefa HTTP/1.1" 200 66 "http://localhost:8000/home" "Mozilla/5.0 (Windows NT 10.0; Win64; x64) AppleWebKit/537.36 (KHTML, like Gecko) Chrome/83.0.4103.116 Safari/537.36"
::1 - - [23/Jul/2020:06:27:52 +0000] "GET /post/delete/5f1924087f84b39cbc316ef7 HTTP/1.1" 200 66 "http://localhost:8000/home" "Mozilla/5.0 (Windows NT 10.0; Win64; x64) AppleWebKit/537.36 (KHTML, like Gecko) Chrome/83.0.4103.116 Safari/537.36"
::1 - - [23/Jul/2020:06:27:52 +0000] "GET /post/delete/5f1923f4420f726f7cc4dd09 HTTP/1.1" 200 66 "http://localhost:8000/home" "Mozilla/5.0 (Windows NT 10.0; Win64; x64) AppleWebKit/537.36 (KHTML, like Gecko) Chrome/83.0.4103.116 Safari/537.36"
::1 - - [23/Jul/2020:06:27:53 +0000] "GET /post/delete/5f1923af6c6341be64104088 HTTP/1.1" 200 66 "http://localhost:8000/home" "Mozilla/5.0 (Windows NT 10.0; Win64; x64) AppleWebKit/537.36 (KHTML, like Gecko) Chrome/83.0.4103.116 Safari/537.36"
::1 - - [23/Jul/2020:06:27:53 +0000] "GET /post/delete/5f1923ac6c6341be64104087 HTTP/1.1" 200 66 "http://localhost:8000/home" "Mozilla/5.0 (Windows NT 10.0; Win64; x64) AppleWebKit/537.36 (KHTML, like Gecko) Chrome/83.0.4103.116 Safari/537.36"
::1 - - [23/Jul/2020:06:27:53 +0000] "GET /post/delete/5f192390c6fdf2c178727fa9 HTTP/1.1" 200 66 "http://localhost:8000/home" "Mozilla/5.0 (Windows NT 10.0; Win64; x64) AppleWebKit/537.36 (KHTML, like Gecko) Chrome/83.0.4103.116 Safari/537.36"
::1 - - [23/Jul/2020:06:27:53 +0000] "GET /post/delete/5f1923293d0659d57410c281 HTTP/1.1" 200 66 "http://localhost:8000/home" "Mozilla/5.0 (Windows NT 10.0; Win64; x64) AppleWebKit/537.36 (KHTML, like Gecko) Chrome/83.0.4103.116 Safari/537.36"
::1 - - [23/Jul/2020:06:27:53 +0000] "GET /home HTTP/1.1" 200 16066 "http://localhost:8000/home" "Mozilla/5.0 (Windows NT 10.0; Win64; x64) AppleWebKit/537.36 (KHTML, like Gecko) Chrome/83.0.4103.116 Safari/537.36"
::1 - - [23/Jul/2020:06:27:53 +0000] "GET /home HTTP/1.1" 304 - "http://localhost:8000/home" "Mozilla/5.0 (Windows NT 10.0; Win64; x64) AppleWebKit/537.36 (KHTML, like Gecko) Chrome/83.0.4103.116 Safari/537.36"
::1 - - [23/Jul/2020:06:27:57 +0000] "GET /post/delete/5f17f4a8c13056d480b0a47a HTTP/1.1" 200 66 "http://localhost:8000/home" "Mozilla/5.0 (Windows NT 10.0; Win64; x64) AppleWebKit/537.36 (KHTML, like Gecko) Chrome/83.0.4103.116 Safari/537.36"
